<?xml version="1.0" encoding="UTF-8" standalone="no"?>
<!DOCTYPE log SYSTEM "logger.dtd">
<log>
<record>
  <date>2011-05-09T16:19:27</date>
  <millis>1304950767603</millis>
  <sequence>0</sequence>
  <logger>jMetal</logger>
  <level>INFO</level>
  <class>lu.uni.routegeneration.generation.ssGA</class>
  <method>execute</method>
  <thread>10</thread>
  <message>evaluation:1  best fitness:65.0</message>
</record>
<record>
  <date>2011-05-09T16:19:43</date>
  <millis>1304950783647</millis>
  <sequence>1</sequence>
  <logger>jMetal</logger>
  <level>INFO</level>
  <class>lu.uni.routegeneration.generation.ssGA</class>
  <method>execute</method>
  <thread>10</thread>
  <message>evaluation:2  best fitness:44.0</message>
</record>
<record>
  <date>2011-05-09T16:21:12</date>
  <millis>1304950872753</millis>
  <sequence>2</sequence>
  <logger>jMetal</logger>
  <level>INFO</level>
  <class>lu.uni.routegeneration.generation.ssGA</class>
  <method>execute</method>
  <thread>10</thread>
  <message>evaluation:6  best fitness:38.0</message>
</record>
<record>
  <date>2011-05-09T16:25:02</date>
  <millis>1304951102605</millis>
  <sequence>3</sequence>
  <logger>jMetal</logger>
  <level>INFO</level>
  <class>lu.uni.routegeneration.generation.ssGA</class>
  <method>execute</method>
  <thread>10</thread>
  <message>evaluation:16  best fitness:35.0</message>
</record>
<record>
  <date>2011-05-09T16:39:05</date>
  <millis>1304951945379</millis>
  <sequence>4</sequence>
  <logger>jMetal</logger>
  <level>INFO</level>
  <class>lu.uni.routegeneration.generation.ssGA</class>
  <method>execute</method>
  <thread>10</thread>
  <message>evaluation:71  best fitness:34.0</message>
</record>
<record>
  <date>2011-05-09T16:47:02</date>
  <millis>1304952422267</millis>
  <sequence>5</sequence>
  <logger>jMetal</logger>
  <level>INFO</level>
  <class>lu.uni.routegeneration.generation.RouteOpimization</class>
  <method>main</method>
  <thread>10</thread>
  <message>Total execution time: 1716958ms</message>
</record>
<record>
  <date>2011-05-09T16:47:02</date>
  <millis>1304952422268</millis>
  <sequence>6</sequence>
  <logger>jMetal</logger>
  <level>INFO</level>
  <class>lu.uni.routegeneration.generation.RouteOpimization</class>
  <method>main</method>
  <thread>10</thread>
  <message>Variables values have been writen to file VAR</message>
</record>
<record>
  <date>2011-05-09T16:47:02</date>
  <millis>1304952422271</millis>
  <sequence>7</sequence>
  <logger>jMetal</logger>
  <level>INFO</level>
  <class>lu.uni.routegeneration.generation.RouteOpimization</class>
  <method>main</method>
  <thread>10</thread>
  <message>Objectives values have been writen to file FUN</message>
</record>
</log>
