RESIDENTIAL 0.00007542
COMMERCIAL 0.00001891
RESIDENTIAL 0.00000104
COMMERCIAL 0.00000135
COMMERCIAL 0.00190593
COMMERCIAL 0.00238064
COMMERCIAL 0.00169512
COMMERCIAL 0.00056858
COMMERCIAL 0.00229981
COMMERCIAL 0.00162150
RESIDENTIAL 0.00002659
RESIDENTIAL 0.00000153
COMMERCIAL 0.00020463
COMMERCIAL 0.00000152
RESIDENTIAL 0.00000146
INDUSTRIAL 0.00292569
INDUSTRIAL 0.00221119
COMMERCIAL 0.00000622
COMMERCIAL 0.00000801
RESIDENTIAL 0.00000871
COMMERCIAL 0.00012789
RESIDENTIAL 0.00006533
RESIDENTIAL 0.00000104
COMMERCIAL 0.00001763
COMMERCIAL 0.00033198
COMMERCIAL 0.00018556
COMMERCIAL 0.00007231
RESIDENTIAL 0.00000168
COMMERCIAL 0.00013624
COMMERCIAL 0.00018697
COMMERCIAL 0.00013591
COMMERCIAL 0.00010474
COMMERCIAL 0.00017794
COMMERCIAL 0.00000338
COMMERCIAL 0.00002299
COMMERCIAL 0.00001326
COMMERCIAL 0.00002401
RESIDENTIAL 0.00000299
COMMERCIAL 0.00004284
COMMERCIAL 0.00001822
COMMERCIAL 0.00023144
COMMERCIAL 0.00001251
COMMERCIAL 0.00000402
COMMERCIAL 0.00014610
COMMERCIAL 0.00014425
COMMERCIAL 0.00013848
COMMERCIAL 0.00281772
COMMERCIAL 0.00002607
COMMERCIAL 0.00014192
COMMERCIAL 0.01089815
RESIDENTIAL 0.00001869
COMMERCIAL 0.00002484
COMMERCIAL 0.00185497
INDUSTRIAL 0.00063235
RESIDENTIAL 0.00000169
RESIDENTIAL 0.00007502
RESIDENTIAL 0.00000096
COMMERCIAL 0.00741787
RESIDENTIAL 0.00017992
RESIDENTIAL 0.00293518
COMMERCIAL 0.00070229
COMMERCIAL 0.00000128
RESIDENTIAL 0.00010435
COMMERCIAL 0.00024856
RESIDENTIAL 0.00002453
COMMERCIAL 0.00001395
COMMERCIAL 0.00682768
COMMERCIAL 0.01286849
COMMERCIAL 0.00602840
RESIDENTIAL 0.00000070
COMMERCIAL 0.00114288
COMMERCIAL 0.00001971
COMMERCIAL 0.00000422
COMMERCIAL 0.00000468
RESIDENTIAL 0.00000668
COMMERCIAL 0.00000824
COMMERCIAL 0.00002812
COMMERCIAL 0.00000747
COMMERCIAL 0.00025333
COMMERCIAL 0.00001884
COMMERCIAL 0.00001805
COMMERCIAL 0.00001136
COMMERCIAL 0.00001194
INDUSTRIAL 0.00203921
RESIDENTIAL 0.00003216
RESIDENTIAL 0.00009274
COMMERCIAL 0.00001424
COMMERCIAL 0.00040012
RESIDENTIAL 0.00000573
RESIDENTIAL 0.00001807
COMMERCIAL 0.00001313
COMMERCIAL 0.00000154
COMMERCIAL 0.00250612
INDUSTRIAL 0.00502797
RESIDENTIAL 0.00001358
COMMERCIAL 0.00030898
COMMERCIAL 0.00052821
COMMERCIAL 0.00000336
RESIDENTIAL 0.00003549
COMMERCIAL 0.00015390
RESIDENTIAL 0.00002733
RESIDENTIAL 0.00002296
COMMERCIAL 0.00000842
COMMERCIAL 0.00002367
RESIDENTIAL 0.00000568
RESIDENTIAL 0.00000152
COMMERCIAL 0.00152818
COMMERCIAL 0.00001739
RESIDENTIAL 0.00005049
COMMERCIAL 0.00000455
COMMERCIAL 0.02354566
COMMERCIAL 0.00227296
RESIDENTIAL 0.00000023
RESIDENTIAL 0.00004629
RESIDENTIAL 0.00003065
RESIDENTIAL 0.00002574
COMMERCIAL 0.00001083
RESIDENTIAL 0.00006111
RESIDENTIAL 0.00002201
RESIDENTIAL 0.00000763
COMMERCIAL 0.00003694
RESIDENTIAL 0.00001261
COMMERCIAL 0.00003343
COMMERCIAL 0.00000486
RESIDENTIAL 0.00003814
RESIDENTIAL 0.00003612
COMMERCIAL 0.00000851
INDUSTRIAL 0.00005896
RESIDENTIAL 0.00001215
COMMERCIAL 0.00152085
COMMERCIAL 0.00000600
COMMERCIAL 0.00000352
COMMERCIAL 0.00003696
RESIDENTIAL 0.00018681
COMMERCIAL 0.00127952
COMMERCIAL 0.00001272
COMMERCIAL 0.00004507
COMMERCIAL 0.00006390
COMMERCIAL 0.00003879
COMMERCIAL 0.00004246
COMMERCIAL 0.00004671
COMMERCIAL 0.00000141
RESIDENTIAL 0.00002422
RESIDENTIAL 0.00008628
COMMERCIAL 0.00000202
COMMERCIAL 0.00000843
COMMERCIAL 0.00002589
COMMERCIAL 0.00157597
COMMERCIAL 0.00003899
COMMERCIAL 0.00000361
RESIDENTIAL 0.00007961
COMMERCIAL 0.00087656
INDUSTRIAL 0.00000582
COMMERCIAL 0.00580028
RESIDENTIAL 0.00001912
COMMERCIAL 0.00001794
COMMERCIAL 0.00000360
RESIDENTIAL 0.00004045
COMMERCIAL 0.00002080
RESIDENTIAL 0.00001574
RESIDENTIAL 0.00007046
COMMERCIAL 0.00000515
COMMERCIAL 0.00007310
RESIDENTIAL 0.00000638
COMMERCIAL 0.00032310
COMMERCIAL 0.00004641
COMMERCIAL 0.00000525
RESIDENTIAL 0.00000762
COMMERCIAL 0.01059655
RESIDENTIAL 0.00002420
RESIDENTIAL 0.00001274
COMMERCIAL 0.00000215
INDUSTRIAL 0.00010696
COMMERCIAL 0.00050261
COMMERCIAL 0.00000060
COMMERCIAL 0.00000437
COMMERCIAL 0.00000065
RESIDENTIAL 0.00000253
RESIDENTIAL 0.00000751
COMMERCIAL 0.00002149
COMMERCIAL 0.00000130
INDUSTRIAL 0.00203269
RESIDENTIAL 0.00003721
COMMERCIAL 0.01532742
COMMERCIAL 0.00005264
COMMERCIAL 0.00000193
COMMERCIAL 0.00009627
COMMERCIAL 0.00178687
COMMERCIAL 0.00675640
COMMERCIAL 0.00054401
COMMERCIAL 0.00000168
COMMERCIAL 0.00002028
COMMERCIAL 0.00001118
RESIDENTIAL 0.00001826
COMMERCIAL 0.00001196
COMMERCIAL 0.00000096
COMMERCIAL 0.00014731
RESIDENTIAL 0.00004967
COMMERCIAL 0.00001289
COMMERCIAL 0.00001538
COMMERCIAL 0.00000606
COMMERCIAL 0.00000240
RESIDENTIAL 0.00001578
COMMERCIAL 0.00000215
COMMERCIAL 0.00000301
RESIDENTIAL 0.00000086
COMMERCIAL 0.00000226
INDUSTRIAL 0.01412510
COMMERCIAL 0.00000469
COMMERCIAL 0.00000208
RESIDENTIAL 0.00000191
COMMERCIAL 0.00000114
COMMERCIAL 0.00000249
COMMERCIAL 0.00017604
RESIDENTIAL 0.00000597
INDUSTRIAL 0.00725825
COMMERCIAL 0.00000048
RESIDENTIAL 0.00002855
COMMERCIAL 0.00000921
RESIDENTIAL 0.00015775
RESIDENTIAL 0.00002991
RESIDENTIAL 0.00015503
COMMERCIAL 0.00001582
RESIDENTIAL 0.00000097
RESIDENTIAL 0.00227102
COMMERCIAL 0.00020826
COMMERCIAL 0.00002236
COMMERCIAL 0.00596331
COMMERCIAL 0.00000298
RESIDENTIAL 0.00007871
RESIDENTIAL 0.00001471
COMMERCIAL 0.00000737
RESIDENTIAL 0.00002343
RESIDENTIAL 0.00001139
RESIDENTIAL 0.00005784
COMMERCIAL 0.00000747
RESIDENTIAL 0.00002472
COMMERCIAL 0.00000127
RESIDENTIAL 0.00007787
RESIDENTIAL 0.00006262
COMMERCIAL 0.00053284
COMMERCIAL 0.00699498
COMMERCIAL 0.00002225
COMMERCIAL 0.00000664
COMMERCIAL 0.00099946
RESIDENTIAL 0.00000756
RESIDENTIAL 0.00001808
COMMERCIAL 0.00000200
COMMERCIAL 0.00000137
COMMERCIAL 0.00000165
COMMERCIAL 0.00113617
COMMERCIAL 0.00085549
COMMERCIAL 0.00554608
COMMERCIAL 0.00000194
COMMERCIAL 0.00001397
RESIDENTIAL 0.00013240
COMMERCIAL 0.00560447
COMMERCIAL 0.00001853
RESIDENTIAL 0.00009060
COMMERCIAL 0.00007553
RESIDENTIAL 0.00003196
COMMERCIAL 0.00089729
COMMERCIAL 0.00039205
RESIDENTIAL 0.00000305
COMMERCIAL 0.00060864
RESIDENTIAL 0.00001384
RESIDENTIAL 0.00000532
COMMERCIAL 0.00001794
COMMERCIAL 0.00003068
COMMERCIAL 0.00423661
COMMERCIAL 0.00021225
COMMERCIAL 0.00402646
COMMERCIAL 0.00520107
COMMERCIAL 0.00111419
COMMERCIAL 0.00102434
RESIDENTIAL 0.00003576
COMMERCIAL 0.00699985
RESIDENTIAL 0.00004617
RESIDENTIAL 0.00003397
COMMERCIAL 0.00000962
COMMERCIAL 0.00278500
COMMERCIAL 0.00000313
COMMERCIAL 0.00000856
COMMERCIAL 0.00228650
COMMERCIAL 0.00679798
COMMERCIAL 0.00002943
COMMERCIAL 0.00055978
RESIDENTIAL 0.00002909
COMMERCIAL 0.00033993
COMMERCIAL 0.00100445
RESIDENTIAL 0.00000934
RESIDENTIAL 0.00136042
RESIDENTIAL 0.00000766
RESIDENTIAL 0.00002208
COMMERCIAL 0.00001002
COMMERCIAL 0.00001662
COMMERCIAL 0.00000164
COMMERCIAL 0.00003064
RESIDENTIAL 0.00000893
COMMERCIAL 0.00000125
COMMERCIAL 0.00002067
RESIDENTIAL 0.00004489
COMMERCIAL 0.00000218
COMMERCIAL 0.00488999
COMMERCIAL 0.00003034
RESIDENTIAL 0.00000373
RESIDENTIAL 0.00012126
RESIDENTIAL 0.00004938
RESIDENTIAL 0.00001259
COMMERCIAL 0.00000520
COMMERCIAL 0.00000427
COMMERCIAL 0.00004669
COMMERCIAL 0.00002352
COMMERCIAL 0.00001517
COMMERCIAL 0.00000614
RESIDENTIAL 0.00000292
COMMERCIAL 0.00000440
COMMERCIAL 0.00130417
COMMERCIAL 0.00000428
COMMERCIAL 0.00024044
COMMERCIAL 0.00062153
COMMERCIAL 0.00018487
COMMERCIAL 0.00000952
RESIDENTIAL 0.00000545
RESIDENTIAL 0.00040668
COMMERCIAL 0.01165824
COMMERCIAL 0.00043125
COMMERCIAL 0.00001220
RESIDENTIAL 0.00000508
RESIDENTIAL 0.00007577
RESIDENTIAL 0.00002466
COMMERCIAL 0.00001498
COMMERCIAL 0.00000269
RESIDENTIAL 0.00005329
COMMERCIAL 0.00000687
RESIDENTIAL 0.00001055
COMMERCIAL 0.00000095
RESIDENTIAL 0.00003353
RESIDENTIAL 0.00000772
COMMERCIAL 0.00000273
RESIDENTIAL 0.00017189
RESIDENTIAL 0.00001398
COMMERCIAL 0.00975108
COMMERCIAL 0.00002915
RESIDENTIAL 0.00000760
COMMERCIAL 0.00000062
COMMERCIAL 0.00000225
RESIDENTIAL 0.00001543
RESIDENTIAL 0.00000332
RESIDENTIAL 0.00003197
COMMERCIAL 0.00000482
RESIDENTIAL 0.00001474
COMMERCIAL 0.00000267
RESIDENTIAL 0.00002893
COMMERCIAL 0.00000574
COMMERCIAL 0.00015177
RESIDENTIAL 0.00008859
COMMERCIAL 0.00011252
COMMERCIAL 0.00065507
RESIDENTIAL 0.00000302
COMMERCIAL 0.00000319
RESIDENTIAL 0.00112341
COMMERCIAL 0.00000229
COMMERCIAL 0.00000728
COMMERCIAL 0.00028908
RESIDENTIAL 0.00007145
COMMERCIAL 0.00005147
COMMERCIAL 0.00034307
COMMERCIAL 0.00030086
COMMERCIAL 0.00000297
RESIDENTIAL 0.00000445
COMMERCIAL 0.00033813
COMMERCIAL 0.00002454
COMMERCIAL 0.00072220
COMMERCIAL 0.00001527
COMMERCIAL 0.00000733
COMMERCIAL 0.00000209
RESIDENTIAL 0.00015486
COMMERCIAL 0.00084940
RESIDENTIAL 0.00000124
COMMERCIAL 0.00004528
COMMERCIAL 0.00056780
COMMERCIAL 0.00000982
COMMERCIAL 0.00000891
COMMERCIAL 0.00000277
COMMERCIAL 0.00001042
COMMERCIAL 0.00027118
COMMERCIAL 0.00023249
RESIDENTIAL 0.00001472
COMMERCIAL 0.00005433
COMMERCIAL 0.00000749
COMMERCIAL 0.00000404
COMMERCIAL 0.00013916
RESIDENTIAL 0.00002450
COMMERCIAL 0.00033522
COMMERCIAL 0.00000142
COMMERCIAL 0.00001459
COMMERCIAL 0.00001053
COMMERCIAL 0.00003011
COMMERCIAL 0.00000911
RESIDENTIAL 0.00000780
RESIDENTIAL 0.00000352
COMMERCIAL 0.00003192
COMMERCIAL 0.00002026
COMMERCIAL 0.00000361
COMMERCIAL 0.00000361
COMMERCIAL 0.00000242
COMMERCIAL 0.00000919
COMMERCIAL 0.00000582
COMMERCIAL 0.00000400
INDUSTRIAL 0.00029769
COMMERCIAL 0.00002674
RESIDENTIAL 0.00001630
COMMERCIAL 0.00481435
COMMERCIAL 0.00000483
RESIDENTIAL 0.00000239
COMMERCIAL 0.00314467
COMMERCIAL 0.00000511
RESIDENTIAL 0.00001720
RESIDENTIAL 0.00000625
RESIDENTIAL 0.00000673
COMMERCIAL 0.00000972
COMMERCIAL 0.00056651
COMMERCIAL 0.00000281
COMMERCIAL 0.00000844
RESIDENTIAL 0.00001262
COMMERCIAL 0.00001054
COMMERCIAL 0.00000510
COMMERCIAL 0.00062250
RESIDENTIAL 0.00000503
COMMERCIAL 0.00041878
COMMERCIAL 0.00001796
COMMERCIAL 0.00011011
RESIDENTIAL 0.00002702
RESIDENTIAL 0.00001498
RESIDENTIAL 0.00000591
INDUSTRIAL 0.00614067
INDUSTRIAL 0.00888568
RESIDENTIAL 0.00000997
COMMERCIAL 0.00063355
INDUSTRIAL 0.01129696
COMMERCIAL 0.00003296
INDUSTRIAL 0.00494895
COMMERCIAL 0.00001715
INDUSTRIAL 0.00267010
COMMERCIAL 0.00050072
COMMERCIAL 0.00000089
RESIDENTIAL 0.00000184
COMMERCIAL 0.00000584
COMMERCIAL 0.00000739
COMMERCIAL 0.00001198
COMMERCIAL 0.00030696
COMMERCIAL 0.00002280
COMMERCIAL 0.00008766
COMMERCIAL 0.00000188
COMMERCIAL 0.00001931
RESIDENTIAL 0.00002984
COMMERCIAL 0.00000446
COMMERCIAL 0.00000579
COMMERCIAL 0.00000735
COMMERCIAL 0.00018951
INDUSTRIAL 0.00004473
COMMERCIAL 0.00060585
INDUSTRIAL 0.00016452
COMMERCIAL 0.00093556
COMMERCIAL 0.00006971
COMMERCIAL 0.00008477
COMMERCIAL 0.00029788
COMMERCIAL 0.00161276
COMMERCIAL 0.00001106
RESIDENTIAL 0.00020255
COMMERCIAL 0.00085464
COMMERCIAL 0.00095210
COMMERCIAL 0.00103501
RESIDENTIAL 0.00001643
COMMERCIAL 0.00029358
COMMERCIAL 0.00000260
COMMERCIAL 0.00000509
COMMERCIAL 0.00000381
COMMERCIAL 0.00000243
COMMERCIAL 0.00000481
COMMERCIAL 0.00024378
RESIDENTIAL 0.00002163
COMMERCIAL 0.00157870
COMMERCIAL 0.00000685
COMMERCIAL 0.00355709
COMMERCIAL 0.00042512
COMMERCIAL 0.00175362
COMMERCIAL 0.00000298
INDUSTRIAL 0.00188491
COMMERCIAL 0.00056683
COMMERCIAL 0.00000091
INDUSTRIAL 0.00523082
RESIDENTIAL 0.00002745
INDUSTRIAL 0.00045678
COMMERCIAL 0.00016166
COMMERCIAL 0.00000598
COMMERCIAL 0.00001591
COMMERCIAL 0.00039920
COMMERCIAL 0.00070092
COMMERCIAL 0.00313030
COMMERCIAL 0.00001163
COMMERCIAL 0.00004190
COMMERCIAL 0.00000229
COMMERCIAL 0.00004051
COMMERCIAL 0.00014530
COMMERCIAL 0.00163468
COMMERCIAL 0.00000845
COMMERCIAL 0.00000196
COMMERCIAL 0.00000341
COMMERCIAL 0.00003668
COMMERCIAL 0.00001707
COMMERCIAL 0.00000386
COMMERCIAL 0.00000190
RESIDENTIAL 0.00003721
COMMERCIAL 0.00000337
COMMERCIAL 0.00003788
COMMERCIAL 0.00005221
COMMERCIAL 0.00043262
COMMERCIAL 0.00000909
COMMERCIAL 0.00123217
COMMERCIAL 0.00053259
COMMERCIAL 0.00004181
COMMERCIAL 0.00000043
RESIDENTIAL 0.00002722
RESIDENTIAL 0.00001139
COMMERCIAL 0.00000985
COMMERCIAL 0.00000161
COMMERCIAL 0.00000954
COMMERCIAL 0.00000579
RESIDENTIAL 0.00000036
RESIDENTIAL 0.00013064
INDUSTRIAL 0.00001990
COMMERCIAL 0.00000329
COMMERCIAL 0.00000035
RESIDENTIAL 0.00000534
COMMERCIAL 0.01268230
COMMERCIAL 0.00001075
COMMERCIAL 0.00100837
COMMERCIAL 0.00008712
COMMERCIAL 0.00002624
COMMERCIAL 0.00155710
COMMERCIAL 0.00000255
COMMERCIAL 0.00000598
COMMERCIAL 0.00000166
COMMERCIAL 0.00233885
COMMERCIAL 0.00000317
RESIDENTIAL 0.00000070
COMMERCIAL 0.00000163
COMMERCIAL 0.00001817
INDUSTRIAL 0.00097519
COMMERCIAL 0.00062430
RESIDENTIAL 0.00013117
COMMERCIAL 0.00001080
RESIDENTIAL 0.00013027
RESIDENTIAL 0.00000873
RESIDENTIAL 0.00008105
RESIDENTIAL 0.00004150
COMMERCIAL 0.00000141
COMMERCIAL 0.00087799
COMMERCIAL 0.00086614
COMMERCIAL 0.00241022
COMMERCIAL 0.00119685
COMMERCIAL 0.00150328
COMMERCIAL 0.00012488
RESIDENTIAL 0.00004115
COMMERCIAL 0.00000230
COMMERCIAL 0.00001755
RESIDENTIAL 0.00001373
COMMERCIAL 0.00003726
COMMERCIAL 0.00206017
COMMERCIAL 0.00002832
COMMERCIAL 0.00000528
RESIDENTIAL 0.00002982
RESIDENTIAL 0.00002041
COMMERCIAL 0.00027326
COMMERCIAL 0.00080314
COMMERCIAL 0.00021507
COMMERCIAL 0.00146512
RESIDENTIAL 0.00006397
COMMERCIAL 0.00124247
COMMERCIAL 0.00308998
COMMERCIAL 0.00200250
COMMERCIAL 0.00311629
RESIDENTIAL 0.00001710
COMMERCIAL 0.00000146
COMMERCIAL 0.00000195
RESIDENTIAL 0.00002571
COMMERCIAL 0.00145804
RESIDENTIAL 0.00213490
INDUSTRIAL 0.01460103
COMMERCIAL 0.00001586
INDUSTRIAL 0.00005649
RESIDENTIAL 0.00002180
COMMERCIAL 0.00000211
COMMERCIAL 0.00001126
RESIDENTIAL 0.00003842
COMMERCIAL 0.00000175
COMMERCIAL 0.00001549
COMMERCIAL 0.00000094
RESIDENTIAL 0.00000397
RESIDENTIAL 0.00003339
COMMERCIAL 0.00000149
RESIDENTIAL 0.00000370
RESIDENTIAL 0.00007989
RESIDENTIAL 0.00001377
INDUSTRIAL 0.00129511
COMMERCIAL 0.00002138
COMMERCIAL 0.00003947
COMMERCIAL 0.00000345
COMMERCIAL 0.00000109
COMMERCIAL 0.00000809
RESIDENTIAL 0.00001810
COMMERCIAL 0.00000234
COMMERCIAL 0.00000236
COMMERCIAL 0.00363265
COMMERCIAL 0.00000149
COMMERCIAL 0.00000788
RESIDENTIAL 0.00003866
COMMERCIAL 0.00001136
COMMERCIAL 0.00000362
COMMERCIAL 0.00001561
COMMERCIAL 0.00000775
COMMERCIAL 0.00001433
COMMERCIAL 0.00000984
COMMERCIAL 0.00000472
INDUSTRIAL 0.00000948
COMMERCIAL 0.00000886
COMMERCIAL 0.00001612
COMMERCIAL 0.00001215
RESIDENTIAL 0.00002098
COMMERCIAL 0.00017410
COMMERCIAL 0.00002531
COMMERCIAL 0.00001183
COMMERCIAL 0.00003277
RESIDENTIAL 0.00000646
COMMERCIAL 0.00000481
COMMERCIAL 0.00007693
COMMERCIAL 0.00075837
RESIDENTIAL 0.00007187
RESIDENTIAL 0.00018862
COMMERCIAL 0.00000361
COMMERCIAL 0.00495379
RESIDENTIAL 0.00000876
COMMERCIAL 0.00000398
COMMERCIAL 0.00101087
COMMERCIAL 0.00000369
COMMERCIAL 0.00001681
COMMERCIAL 0.00006453
COMMERCIAL 0.00000821
COMMERCIAL 0.00064004
COMMERCIAL 0.00000895
COMMERCIAL 0.00000215
COMMERCIAL 0.00000541
COMMERCIAL 0.00562265
COMMERCIAL 0.00035949
COMMERCIAL 0.00000337
COMMERCIAL 0.00001117
COMMERCIAL 0.00000705
COMMERCIAL 0.00311459
RESIDENTIAL 0.00002328
RESIDENTIAL 0.00000966
COMMERCIAL 0.00001171
COMMERCIAL 0.02397175
INDUSTRIAL 0.00343173
RESIDENTIAL 0.00000275
RESIDENTIAL 0.00000434
RESIDENTIAL 0.00000013
COMMERCIAL 0.00025854
COMMERCIAL 0.00004440
COMMERCIAL 0.00323115
COMMERCIAL 0.00000064
COMMERCIAL 0.00029154
COMMERCIAL 0.00000337
COMMERCIAL 0.00000335
COMMERCIAL 0.00000653
COMMERCIAL 0.00000260
COMMERCIAL 0.00001626
INDUSTRIAL 0.01293670
RESIDENTIAL 0.00007960
RESIDENTIAL 0.00000898
COMMERCIAL 0.00000766
RESIDENTIAL 0.00003074
RESIDENTIAL 0.00001993
INDUSTRIAL 0.00112153
COMMERCIAL 0.00009329
RESIDENTIAL 0.00000218
COMMERCIAL 0.00002118
COMMERCIAL 0.00001249
COMMERCIAL 0.00149726
COMMERCIAL 0.00000141
RESIDENTIAL 0.00000204
COMMERCIAL 0.00722469
RESIDENTIAL 0.00004763
COMMERCIAL 0.00000132
COMMERCIAL 0.00019109
COMMERCIAL 0.00174204
RESIDENTIAL 0.00000368
COMMERCIAL 0.00003847
COMMERCIAL 0.00002019
INDUSTRIAL 0.00084859
COMMERCIAL 0.00001720
COMMERCIAL 0.00145069
RESIDENTIAL 0.00566805
COMMERCIAL 0.00326557
COMMERCIAL 0.00000420
COMMERCIAL 0.00000605
COMMERCIAL 0.00146586
COMMERCIAL 0.00001296
RESIDENTIAL 0.00000200
COMMERCIAL 0.00029070
RESIDENTIAL 0.00001913
COMMERCIAL 0.00330223
COMMERCIAL 0.00002294
COMMERCIAL 0.00002455
COMMERCIAL 0.00000537
RESIDENTIAL 0.00000382
COMMERCIAL 0.00028803
INDUSTRIAL 0.00668232
COMMERCIAL 0.00000412
COMMERCIAL 0.00000490
COMMERCIAL 0.00060310
RESIDENTIAL 0.00000082
COMMERCIAL 0.00334978
COMMERCIAL 0.00000611
COMMERCIAL 0.00001384
COMMERCIAL 0.02318832
COMMERCIAL 0.00152168
COMMERCIAL 0.00037899
RESIDENTIAL 0.00002461
COMMERCIAL 0.00000195
RESIDENTIAL 0.00004836
COMMERCIAL 0.00000240
RESIDENTIAL 0.00000114
COMMERCIAL 0.00000222
COMMERCIAL 0.00001560
RESIDENTIAL 0.00000324
RESIDENTIAL 0.00000119
COMMERCIAL 0.01500454
RESIDENTIAL 0.00000082
COMMERCIAL 0.01088485
COMMERCIAL 0.00000036
COMMERCIAL 0.00002051
RESIDENTIAL 0.00000988
COMMERCIAL 0.00062467
RESIDENTIAL 0.00006519
RESIDENTIAL 0.00011567
RESIDENTIAL 0.00006201
COMMERCIAL 0.00000161
COMMERCIAL 0.00016581
COMMERCIAL 0.00000301
COMMERCIAL 0.00001157
RESIDENTIAL 0.00000030
COMMERCIAL 0.00001589
RESIDENTIAL 0.00003017
COMMERCIAL 0.00029250
RESIDENTIAL 0.00000019
RESIDENTIAL 0.00000319
COMMERCIAL 0.00000051
COMMERCIAL 0.00000771
COMMERCIAL 0.00000618
COMMERCIAL 0.00042388
COMMERCIAL 0.00003735
COMMERCIAL 0.00000102
COMMERCIAL 0.00001372
COMMERCIAL 0.00000114
COMMERCIAL 0.00001195
COMMERCIAL 0.00000230
COMMERCIAL 0.00069804
COMMERCIAL 0.00026769
COMMERCIAL 0.00032325
COMMERCIAL 0.00628545
RESIDENTIAL 0.00000841
COMMERCIAL 0.00001925
COMMERCIAL 0.00014072
COMMERCIAL 0.00000077
RESIDENTIAL 0.00000415
COMMERCIAL 0.00000509
COMMERCIAL 0.00000097
COMMERCIAL 0.00000077
COMMERCIAL 0.01624991
COMMERCIAL 0.00000107
RESIDENTIAL 0.00005898
COMMERCIAL 0.01563860
COMMERCIAL 0.00002580
RESIDENTIAL 0.00002110
COMMERCIAL 0.00000777
RESIDENTIAL 0.00001860
RESIDENTIAL 0.00002424
COMMERCIAL 0.00001037
RESIDENTIAL 0.00025039
COMMERCIAL 0.00053225
COMMERCIAL 0.00012812
RESIDENTIAL 0.00000378
COMMERCIAL 0.00002458
COMMERCIAL 0.00002655
COMMERCIAL 0.00303075
COMMERCIAL 0.00002472
COMMERCIAL 0.00989727
RESIDENTIAL 0.00000218
COMMERCIAL 0.00000775
COMMERCIAL 0.00000552
COMMERCIAL 0.00061889
COMMERCIAL 0.00000252
RESIDENTIAL 0.00003758
RESIDENTIAL 0.00001987
COMMERCIAL 0.00000125
INDUSTRIAL 0.00499634
COMMERCIAL 0.00000281
COMMERCIAL 0.00000720
COMMERCIAL 0.00000747
RESIDENTIAL 0.00009045
COMMERCIAL 0.00000278
COMMERCIAL 0.00000616
COMMERCIAL 0.00000823
COMMERCIAL 0.00000820
COMMERCIAL 0.00094840
COMMERCIAL 0.00005444
RESIDENTIAL 0.00002255
COMMERCIAL 0.00018110
COMMERCIAL 0.00000737
COMMERCIAL 0.00003793
COMMERCIAL 0.00088633
COMMERCIAL 0.00000342
COMMERCIAL 0.00000493
RESIDENTIAL 0.00022682
COMMERCIAL 0.00004374
COMMERCIAL 0.00006968
COMMERCIAL 0.00012249
COMMERCIAL 0.00006745
RESIDENTIAL 0.00321314
COMMERCIAL 0.00000659
COMMERCIAL 0.00000270
INDUSTRIAL 0.00029488
RESIDENTIAL 0.00247403
RESIDENTIAL 0.00000313
RESIDENTIAL 0.00000671
COMMERCIAL 0.00259661
COMMERCIAL 0.00000348
COMMERCIAL 0.00544507
COMMERCIAL 0.00001609
COMMERCIAL 0.00017664
COMMERCIAL 0.00000608
COMMERCIAL 0.00861816
COMMERCIAL 0.00007921
COMMERCIAL 0.00000625
RESIDENTIAL 0.00096989
COMMERCIAL 0.00000169
COMMERCIAL 0.00563293
COMMERCIAL 0.01100543
COMMERCIAL 0.00001428
COMMERCIAL 0.00039847
RESIDENTIAL 0.00000804
RESIDENTIAL 0.00001354
RESIDENTIAL 0.00000044
RESIDENTIAL 0.00002884
COMMERCIAL 0.00099837
COMMERCIAL 0.00001027
RESIDENTIAL 0.00000193
RESIDENTIAL 0.00005041
INDUSTRIAL 0.00020775
COMMERCIAL 0.00000405
RESIDENTIAL 0.00037384
COMMERCIAL 0.00992938
COMMERCIAL 0.00000161
RESIDENTIAL 0.00000056
COMMERCIAL 0.00000332
RESIDENTIAL 0.00000124
COMMERCIAL 0.00000371
COMMERCIAL 0.00000526
COMMERCIAL 0.00831335
RESIDENTIAL 0.00009160
COMMERCIAL 0.00002295
COMMERCIAL 0.00001017
COMMERCIAL 0.00000262
RESIDENTIAL 0.00014333
RESIDENTIAL 0.00007290
COMMERCIAL 0.00000204
COMMERCIAL 0.00134757
COMMERCIAL 0.00007492
COMMERCIAL 0.00082438
COMMERCIAL 0.00001664
COMMERCIAL 0.00000494
COMMERCIAL 0.00000163
COMMERCIAL 0.00000194
COMMERCIAL 0.00022067
COMMERCIAL 0.00000765
RESIDENTIAL 0.00024767
COMMERCIAL 0.00008866
COMMERCIAL 0.00052546
COMMERCIAL 0.00258788
COMMERCIAL 0.00000457
COMMERCIAL 0.00000576
RESIDENTIAL 0.00068330
RESIDENTIAL 0.00004757
COMMERCIAL 0.01425847
COMMERCIAL 0.00895483
COMMERCIAL 0.00004709
RESIDENTIAL 0.00002230
COMMERCIAL 0.00005456
RESIDENTIAL 0.00003782
COMMERCIAL 0.00013169
RESIDENTIAL 0.00001675
INDUSTRIAL 0.00064624
RESIDENTIAL 0.00009332
RESIDENTIAL 0.00002483
RESIDENTIAL 0.00315169
RESIDENTIAL 0.00004006
COMMERCIAL 0.00002342
COMMERCIAL 0.00000210
COMMERCIAL 0.00038049
COMMERCIAL 0.00002415
COMMERCIAL 0.00000669
COMMERCIAL 0.00000123
COMMERCIAL 0.00000074
COMMERCIAL 0.00009385
RESIDENTIAL 0.00004918
RESIDENTIAL 0.00000113
COMMERCIAL 0.00009344
COMMERCIAL 0.00000854
COMMERCIAL 0.00000071
COMMERCIAL 0.00000383
COMMERCIAL 0.00003729
COMMERCIAL 0.00024234
COMMERCIAL 0.00000731
COMMERCIAL 0.00289814
COMMERCIAL 0.00000317
COMMERCIAL 0.00041674
RESIDENTIAL 0.00000186
RESIDENTIAL 0.00000021
COMMERCIAL 0.00000129
COMMERCIAL 0.00001349
COMMERCIAL 0.00001085
COMMERCIAL 0.00082022
COMMERCIAL 0.00002669
INDUSTRIAL 0.00020978
RESIDENTIAL 0.00096358
COMMERCIAL 0.00042235
COMMERCIAL 0.00007763
RESIDENTIAL 0.00103453
RESIDENTIAL 0.00005906
COMMERCIAL 0.00005021
COMMERCIAL 0.00000401
RESIDENTIAL 0.00001363
COMMERCIAL 0.00002715
RESIDENTIAL 0.00000020
COMMERCIAL 0.00002190
COMMERCIAL 0.00314858
COMMERCIAL 0.00032740
COMMERCIAL 0.00007789
COMMERCIAL 0.00133748
COMMERCIAL 0.00000186
COMMERCIAL 0.01694305
COMMERCIAL 0.00001584
COMMERCIAL 0.00025929
COMMERCIAL 0.00000382
COMMERCIAL 0.00001326
INDUSTRIAL 0.00349285
COMMERCIAL 0.00000262
COMMERCIAL 0.00001691
COMMERCIAL 0.00001640
COMMERCIAL 0.00400647
RESIDENTIAL 0.00000774
COMMERCIAL 0.00006452
COMMERCIAL 0.00080887
INDUSTRIAL 0.00358699
RESIDENTIAL 0.00011277
COMMERCIAL 0.00000921
COMMERCIAL 0.00001444
RESIDENTIAL 0.00004009
COMMERCIAL 0.00059706
RESIDENTIAL 0.00001889
RESIDENTIAL 0.00000149
RESIDENTIAL 0.00000634
COMMERCIAL 0.00000729
COMMERCIAL 0.00000419
RESIDENTIAL 0.00012003
COMMERCIAL 0.00000515
COMMERCIAL 0.00001762
COMMERCIAL 0.00032841
COMMERCIAL 0.00000145
COMMERCIAL 0.00333938
COMMERCIAL 0.00000583
COMMERCIAL 0.00000917
COMMERCIAL 0.00000870
COMMERCIAL 0.00001996
COMMERCIAL 0.00000806
COMMERCIAL 0.00002974
RESIDENTIAL 0.00000135
RESIDENTIAL 0.00000011
COMMERCIAL 0.00251701
RESIDENTIAL 0.00001211
RESIDENTIAL 0.00001822
COMMERCIAL 0.00019419
COMMERCIAL 0.00000273
RESIDENTIAL 0.00000868
COMMERCIAL 0.00000793
COMMERCIAL 0.00000168
RESIDENTIAL 0.00003397
COMMERCIAL 0.00000197
COMMERCIAL 0.00001512
COMMERCIAL 0.00000082
RESIDENTIAL 0.00000260
COMMERCIAL 0.00090530
COMMERCIAL 0.00003677
COMMERCIAL 0.00003692
COMMERCIAL 0.00057208
RESIDENTIAL 0.00003355
COMMERCIAL 0.00000088
COMMERCIAL 0.00000804
RESIDENTIAL 0.00008891
INDUSTRIAL 0.01405165
COMMERCIAL 0.00001503
RESIDENTIAL 0.00000033
COMMERCIAL 0.00003724
COMMERCIAL 0.00010302
COMMERCIAL 0.00000599
COMMERCIAL 0.00001386
COMMERCIAL 0.00000869
COMMERCIAL 0.00002537
RESIDENTIAL 0.00303665
RESIDENTIAL 0.00227377
RESIDENTIAL 0.00199531
COMMERCIAL 0.00000821
RESIDENTIAL 0.00003609
COMMERCIAL 0.00003441
COMMERCIAL 0.00000117
RESIDENTIAL 0.00000027
COMMERCIAL 0.00000044
COMMERCIAL 0.00000079
COMMERCIAL 0.00000841
RESIDENTIAL 0.00000147
COMMERCIAL 0.00002244
COMMERCIAL 0.00006025
COMMERCIAL 0.00000618
COMMERCIAL 0.00006239
COMMERCIAL 0.00002104
COMMERCIAL 0.00000452
RESIDENTIAL 0.00438226
INDUSTRIAL 0.00003135
COMMERCIAL 0.00000283
COMMERCIAL 0.00006209
RESIDENTIAL 0.00000037
COMMERCIAL 0.00001011
COMMERCIAL 0.00068491
COMMERCIAL 0.00001404
RESIDENTIAL 0.00002726
COMMERCIAL 0.00004294
COMMERCIAL 0.00010077
COMMERCIAL 0.00000557
COMMERCIAL 0.00000810
COMMERCIAL 0.00001480
COMMERCIAL 0.00003303
COMMERCIAL 0.00002135
INDUSTRIAL 0.00005142
INDUSTRIAL 0.00003109
COMMERCIAL 0.00000166
RESIDENTIAL 0.00001694
RESIDENTIAL 0.00002333
COMMERCIAL 0.00000241
COMMERCIAL 0.00053926
COMMERCIAL 0.00046889
RESIDENTIAL 0.00003907
RESIDENTIAL 0.00000198
RESIDENTIAL 0.00007315
COMMERCIAL 0.00063729
COMMERCIAL 0.00000367
COMMERCIAL 0.00179134
COMMERCIAL 0.00122788
COMMERCIAL 0.00010538
COMMERCIAL 0.00000260
RESIDENTIAL 0.00001811
RESIDENTIAL 0.00000334
COMMERCIAL 0.03572246
COMMERCIAL 0.00000819
COMMERCIAL 0.00006692
COMMERCIAL 0.00008799
COMMERCIAL 0.00084634
COMMERCIAL 0.00031621
COMMERCIAL 0.00038669
COMMERCIAL 0.00001088
COMMERCIAL 0.00217171
COMMERCIAL 0.00004449
COMMERCIAL 0.00000742
COMMERCIAL 0.02126441
RESIDENTIAL 0.00003318
RESIDENTIAL 0.00013034
INDUSTRIAL 0.00004472
COMMERCIAL 0.00000452
COMMERCIAL 0.00002578
COMMERCIAL 0.00001424
COMMERCIAL 0.00000276
COMMERCIAL 0.00846557
COMMERCIAL 0.00001019
RESIDENTIAL 0.00000470
COMMERCIAL 0.00001583
COMMERCIAL 0.00090437
INDUSTRIAL 0.00182066
RESIDENTIAL 0.00000518
RESIDENTIAL 0.00001518
COMMERCIAL 0.00137536
COMMERCIAL 0.00030454
COMMERCIAL 0.00028428
COMMERCIAL 0.00012614
COMMERCIAL 0.00003671
COMMERCIAL 0.00001082
COMMERCIAL 0.00000123
COMMERCIAL 0.00000119
COMMERCIAL 0.00003221
RESIDENTIAL 0.00002293
RESIDENTIAL 0.00000122
INDUSTRIAL 0.00011022
COMMERCIAL 0.00000381
COMMERCIAL 0.00000048
COMMERCIAL 0.00003175
COMMERCIAL 0.00001466
RESIDENTIAL 0.00003858
COMMERCIAL 0.09237917
RESIDENTIAL 0.00000361
COMMERCIAL 0.00000888
COMMERCIAL 0.00002665
RESIDENTIAL 0.00001870
COMMERCIAL 0.00003959
