RESIDENTIAL 664459.1775030196
COMMERCIAL 5084.693116918206
RESIDENTIAL 9190.157622121274
COMMERCIAL 362.0378071516752
COMMERCIAL 5458.20563352108
COMMERCIAL 6817.657187521458
COMMERCIAL 4854.470694631338
COMMERCIAL 1628.2864384055138
COMMERCIAL 6586.176897138357
COMMERCIAL 8631.383021190763
RESIDENTIAL 234295.69285580516
RESIDENTIAL 13488.159600265324
COMMERCIAL 586.0204152166843
COMMERCIAL 409.5187092423439
RESIDENTIAL 12846.86918824166
INDUSTRIAL 71099.67463810742
INDUSTRIAL 53736.03757621348
COMMERCIAL 1673.5015016198158
COMMERCIAL 2154.5298216938972
RESIDENTIAL 76713.25555071235
COMMERCIAL 366.26146286726
RESIDENTIAL 575597.3280525804
RESIDENTIAL 229.4175723195076
COMMERCIAL 4740.377388507128
COMMERCIAL 950.7158104479313
COMMERCIAL 531.3980502486229
COMMERCIAL 19445.7561352849
RESIDENTIAL 14786.06897982955
COMMERCIAL 390.152060508728
COMMERCIAL 535.4553053975105
COMMERCIAL 389.22487530112267
COMMERCIAL 299.9660984277725
COMMERCIAL 509.58050844073296
COMMERCIAL 908.2212166786194
COMMERCIAL 6181.865521907806
COMMERCIAL 3565.442808032036
COMMERCIAL 6457.604407519102
RESIDENTIAL 26307.95692384243
COMMERCIAL 11519.992675095797
COMMERCIAL 4901.111348539591
COMMERCIAL 662.8001380264759
COMMERCIAL 3363.177662730217
COMMERCIAL 1082.1888762637973
COMMERCIAL 418.39352947473526
COMMERCIAL 413.1032507419586
COMMERCIAL 396.57241743803024
COMMERCIAL 8069.380970925093
COMMERCIAL 7011.966911762953
COMMERCIAL 406.4282984137535
COMMERCIAL 31210.089327663183
RESIDENTIAL 164682.27640651911
COMMERCIAL 6679.773962948471
COMMERCIAL 5312.242608934641
INDUSTRIAL 15367.329446583986
RESIDENTIAL 14921.40229395032
RESIDENTIAL 660945.6703705788
RESIDENTIAL 8422.69652768597
COMMERCIAL 21243.261171132326
RESIDENTIAL 1585201.3999943584
RESIDENTIAL 645173.2840408981
COMMERCIAL 188871.53905260563
COMMERCIAL 344.46195873618126
RESIDENTIAL 919362.0688611269
COMMERCIAL 711.8265804946423
RESIDENTIAL 216151.85437668115
COMMERCIAL 3752.260419547558
COMMERCIAL 36344.240806013346
COMMERCIAL 68499.89732268453
COMMERCIAL 7073.746427148581
RESIDENTIAL 6208.796542033553
COMMERCIAL 3272.9891652166843
COMMERCIAL 5301.97256809473
COMMERCIAL 1134.9959200769663
COMMERCIAL 1258.0647725462914
RESIDENTIAL 58848.19344496727
COMMERCIAL 2216.2612450420856
COMMERCIAL 7563.188772708178
COMMERCIAL 2008.6439993530512
COMMERCIAL 725.4914904236794
COMMERCIAL 5065.675751566887
COMMERCIAL 4853.240871608257
COMMERCIAL 3054.9082178473473
COMMERCIAL 3209.8726834356785
INDUSTRIAL 49556.54925303161
RESIDENTIAL 283357.124997437
RESIDENTIAL 817132.0418500081
COMMERCIAL 3828.708456337452
COMMERCIAL 1145.8601806759834
RESIDENTIAL 50464.49457335472
RESIDENTIAL 159214.1705442965
COMMERCIAL 3530.9174711108208
COMMERCIAL 414.1521934121847
COMMERCIAL 13340.268148720264
INDUSTRIAL 4015430.2952258587
RESIDENTIAL 119634.68321204185
COMMERCIAL 884.8431778252125
COMMERCIAL 1512.6827321648598
COMMERCIAL 903.3692436814308
RESIDENTIAL 312719.377923131
COMMERCIAL 440.7423734664917
RESIDENTIAL 240803.37613147497
RESIDENTIAL 5047.439380735159
COMMERCIAL 2263.1868219971657
COMMERCIAL 6365.204764068127
RESIDENTIAL 1247.7242544293404
RESIDENTIAL 13409.56051659584
COMMERCIAL 4376.3971056342125
COMMERCIAL 4677.77889919281
RESIDENTIAL 11098.576263070107
COMMERCIAL 1224.7031974196434
COMMERCIAL 125335.2121129334
COMMERCIAL 6509.299854755402
RESIDENTIAL 2032.614545919001
RESIDENTIAL 10175.847451031208
RESIDENTIAL 270041.3419314809
RESIDENTIAL 5658.875520467758
COMMERCIAL 2911.7373776584864
RESIDENTIAL 538374.0910182968
RESIDENTIAL 4837.1020511984825
RESIDENTIAL 1676.7192760109901
COMMERCIAL 9935.56380521506
RESIDENTIAL 2772.029625684023
COMMERCIAL 8991.017040759325
COMMERCIAL 1307.2037919163704
RESIDENTIAL 8383.633163243532
RESIDENTIAL 7938.78028640151
COMMERCIAL 2288.622074842453
INDUSTRIAL 47085.71599781513
RESIDENTIAL 107041.17405994236
COMMERCIAL 4355.399429142475
COMMERCIAL 1614.1739472448826
COMMERCIAL 947.3572317361832
COMMERCIAL 105.84360441565514
RESIDENTIAL 1645866.474139085
COMMERCIAL 3664.2732757627964
COMMERCIAL 3421.5855123326182
COMMERCIAL 129.05894896388054
COMMERCIAL 182.99318596720695
COMMERCIAL 111.09581905603409
COMMERCIAL 121.60973930358887
COMMERCIAL 133.7790661752224
COMMERCIAL 378.73102909326553
RESIDENTIAL 213433.73029457033
RESIDENTIAL 760212.0804236233
COMMERCIAL 542.4721411466599
COMMERCIAL 2266.4938174784184
COMMERCIAL 6963.557367503643
COMMERCIAL 4513.243450045586
COMMERCIAL 10485.170242793858
COMMERCIAL 971.9268459267914
RESIDENTIAL 701397.3767834008
COMMERCIAL 2510.2889520823956
INDUSTRIAL 4647.058270663023
COMMERCIAL 16610.822503209114
RESIDENTIAL 168443.78319111466
COMMERCIAL 4823.614577636123
COMMERCIAL 967.5952556729317
RESIDENTIAL 356385.5346498713
COMMERCIAL 5592.616613097489
RESIDENTIAL 138635.4714950472
RESIDENTIAL 620792.3068932295
COMMERCIAL 1385.5301804840565
COMMERCIAL 209.34717509150505
RESIDENTIAL 56171.42764045298
COMMERCIAL 925.2962009906769
COMMERCIAL 12482.318121418357
COMMERCIAL 1412.8988706171513
RESIDENTIAL 67167.89170569181
COMMERCIAL 56406.20400825143
RESIDENTIAL 213182.90647351742
RESIDENTIAL 112210.18246880174
COMMERCIAL 577.7402280271053
INDUSTRIAL 85418.41676893458
COMMERCIAL 1439.3628869354725
COMMERCIAL 162.69930627942085
COMMERCIAL 1175.7005698382854
COMMERCIAL 174.86824238300323
RESIDENTIAL 22264.04122708738
RESIDENTIAL 66174.61222434044
COMMERCIAL 5780.4067106842995
COMMERCIAL 348.29803478717804
INDUSTRIAL 49398.211358353496
RESIDENTIAL 327863.20893731713
COMMERCIAL 17985.26529625058
COMMERCIAL 150.74566701054573
COMMERCIAL 517.9349751621485
COMMERCIAL 275.69685211777687
COMMERCIAL 5117.243331775069
COMMERCIAL 7927.992404937744
COMMERCIAL 1557.933358758688
COMMERCIAL 450.91246804594994
COMMERCIAL 5455.277100980282
COMMERCIAL 3007.0566777586937
RESIDENTIAL 4014.750422179699
COMMERCIAL 3215.5664042830467
COMMERCIAL 258.858029127121
COMMERCIAL 39616.12908284366
RESIDENTIAL 437642.7442238927
COMMERCIAL 3465.778526328504
COMMERCIAL 4136.467862814665
COMMERCIAL 1630.9407239705324
COMMERCIAL 646.2315701246262
RESIDENTIAL 138995.8470723182
COMMERCIAL 578.8594971001148
COMMERCIAL 810.3677202165127
RESIDENTIAL 7590.970328196883
COMMERCIAL 608.4327927827835
INDUSTRIAL 343266.00509272516
COMMERCIAL 1261.3833200335503
COMMERCIAL 559.880836263299
RESIDENTIAL 16796.683752827346
COMMERCIAL 307.487397223711
COMMERCIAL 669.0204813480377
COMMERCIAL 47344.6257160753
RESIDENTIAL 52621.72087805718
INDUSTRIAL 176388.93275865912
COMMERCIAL 129.56424659490585
RESIDENTIAL 251569.95979596674
COMMERCIAL 2476.6706879138947
RESIDENTIAL 1389835.9635612154
RESIDENTIAL 263562.8370721787
RESIDENTIAL 1365898.8102375567
COMMERCIAL 4254.744143843651
RESIDENTIAL 8552.604592509568
RESIDENTIAL 499186.26410993934
COMMERCIAL 56009.36686772108
COMMERCIAL 6014.636107251048
COMMERCIAL 6997.379238575697
COMMERCIAL 800.8872425556183
RESIDENTIAL 693515.7730622813
RESIDENTIAL 129581.63268250227
COMMERCIAL 1981.8678123652935
RESIDENTIAL 206410.5560928583
RESIDENTIAL 100316.19021123648
RESIDENTIAL 509610.5730255544
COMMERCIAL 2008.8196750432253
RESIDENTIAL 217801.2853307426
COMMERCIAL 340.986845202744
RESIDENTIAL 686109.9914527535
RESIDENTIAL 551758.0878104493
COMMERCIAL 1525.944235444069
COMMERCIAL 8207.946977227926
COMMERCIAL 5982.593340441585
COMMERCIAL 1784.9420302212238
COMMERCIAL 268792.7831595391
RESIDENTIAL 66643.83701980114
RESIDENTIAL 159280.02332040668
COMMERCIAL 538.3910137265921
COMMERCIAL 367.40159471333027
COMMERCIAL 442.7891521155834
COMMERCIAL 3253.763907313347
COMMERCIAL 2449.9495012164116
COMMERCIAL 15882.850931286812
COMMERCIAL 520.4290227293968
COMMERCIAL 3756.2670982554555
RESIDENTIAL 1166521.609899044
COMMERCIAL 16050.053993910551
COMMERCIAL 4983.235305793583
RESIDENTIAL 798260.5889227688
COMMERCIAL 20313.840671926737
RESIDENTIAL 281615.9963106364
COMMERCIAL 2569.66365647316
COMMERCIAL 1122.7474253177643
RESIDENTIAL 26882.252889454365
COMMERCIAL 1743.0234208405018
RESIDENTIAL 121940.8240338862
RESIDENTIAL 46839.47060535848
COMMERCIAL 4825.729166358709
COMMERCIAL 8249.836759239435
COMMERCIAL 12132.78096461296
COMMERCIAL 607.8288286030293
COMMERCIAL 11530.958521038294
COMMERCIAL 14894.813084036112
COMMERCIAL 1307.3934221565723
COMMERCIAL 1201.9604581594467
RESIDENTIAL 7860.496502041817
COMMERCIAL 20046.138694792986
RESIDENTIAL 10148.07495072484
RESIDENTIAL 7467.734236955643
COMMERCIAL 2588.0897821187973
COMMERCIAL 7975.664356261492
COMMERCIAL 843.0445314198732
COMMERCIAL 2302.168988674879
COMMERCIAL 6548.058389693499
COMMERCIAL 7976.78434664011
COMMERCIAL 7915.639773622155
COMMERCIAL 656.8446980118752
RESIDENTIAL 256336.36018002033
COMMERCIAL 398.87312880158424
COMMERCIAL 1178.6270530819893
RESIDENTIAL 82265.64527362585
RESIDENTIAL 299031.12382252514
RESIDENTIAL 67467.16755470634
RESIDENTIAL 194570.12370067835
COMMERCIAL 2693.8315031528473
COMMERCIAL 4469.333833932877
COMMERCIAL 441.7310929298401
COMMERCIAL 87.73514968156815
RESIDENTIAL 78653.04448747635
COMMERCIAL 335.9282264113426
COMMERCIAL 5560.09983843565
RESIDENTIAL 395520.30928981304
COMMERCIAL 586.9075818955898
COMMERCIAL 14003.934277921915
COMMERCIAL 8160.068989817053
RESIDENTIAL 820.355090379715
RESIDENTIAL 26653.35263556242
RESIDENTIAL 435036.3688915074
RESIDENTIAL 110934.9978517294
COMMERCIAL 1398.8998544216156
COMMERCIAL 1148.8475626707077
COMMERCIAL 12557.11473596096
COMMERCIAL 6325.195691399276
COMMERCIAL 4079.9528091549873
COMMERCIAL 1650.8871701359749
RESIDENTIAL 25702.247572094202
COMMERCIAL 1183.3354359865189
COMMERCIAL 3734.870527267456
COMMERCIAL 1151.1446694135666
COMMERCIAL 64663.7546621263
COMMERCIAL 1779.928162008524
COMMERCIAL 529.4346953928471
COMMERCIAL 2559.5064122974873
RESIDENTIAL 1197.7321374714375
RESIDENTIAL 89392.17287860811
COMMERCIAL 33386.835384339094
COMMERCIAL 1234.998553276062
COMMERCIAL 3280.340689301491
RESIDENTIAL 1117.5174520611763
RESIDENTIAL 667540.1271089911
RESIDENTIAL 217237.23219001293
COMMERCIAL 4029.1980636119843
COMMERCIAL 724.2633266746998
RESIDENTIAL 469523.78354741633
COMMERCIAL 1847.6474806442857
RESIDENTIAL 92991.37220872939
COMMERCIAL 255.02906224131584
RESIDENTIAL 295411.91437621415
RESIDENTIAL 68036.65637979843
COMMERCIAL 732.8623847216368
RESIDENTIAL 1514453.5712323785
RESIDENTIAL 123164.16373127699
COMMERCIAL 11441.960502117872
COMMERCIAL 7840.613025084138
RESIDENTIAL 66977.51584383845
COMMERCIAL 167.16189329326153
COMMERCIAL 605.6274293586612
RESIDENTIAL 135986.62222403288
RESIDENTIAL 29223.69951826334
RESIDENTIAL 281691.7584217936
COMMERCIAL 1297.2790442705154
RESIDENTIAL 129884.01827430725
COMMERCIAL 718.2774336338043
RESIDENTIAL 254851.59706024453
COMMERCIAL 1543.1581261307
COMMERCIAL 807.8863698244095
RESIDENTIAL 780542.5070076883
COMMERCIAL 322.2378604710102
COMMERCIAL 1875.9872644245625
RESIDENTIAL 26627.151799678802
COMMERCIAL 856.9155786186457
RESIDENTIAL 246933.08284831047
COMMERCIAL 615.8988746106625
COMMERCIAL 1958.7612377107143
COMMERCIAL 1538.7918931543827
RESIDENTIAL 629501.2617992163
COMMERCIAL 273.974244505167
COMMERCIAL 1826.1978788077831
COMMERCIAL 1601.5205001831055
COMMERCIAL 797.8406918346882
RESIDENTIAL 39201.885632142425
COMMERCIAL 968.3461446166039
COMMERCIAL 6600.972836479545
COMMERCIAL 194227.5916414559
COMMERCIAL 4107.083651781082
COMMERCIAL 1970.4652861654758
COMMERCIAL 563.2664865851402
RESIDENTIAL 1364421.3080618382
COMMERCIAL 2432.512015014887
RESIDENTIAL 10888.692340791225
COMMERCIAL 12178.758192487061
COMMERCIAL 1626.0665793418884
COMMERCIAL 2642.176029264927
COMMERCIAL 2396.0246257185936
COMMERCIAL 746.2382130622864
COMMERCIAL 2800.992001056671
COMMERCIAL 776.6099517941475
COMMERCIAL 1237.5373563170433
RESIDENTIAL 129687.01001124084
COMMERCIAL 155.5782462656498
COMMERCIAL 2013.412478107959
COMMERCIAL 1087.6211387440562
COMMERCIAL 37424.238638430834
RESIDENTIAL 215848.0481697321
COMMERCIAL 90154.53319007158
COMMERCIAL 381.2666565179825
COMMERCIAL 3923.7940361201763
COMMERCIAL 2832.253884255886
COMMERCIAL 8096.97046597302
COMMERCIAL 2448.9790995419025
RESIDENTIAL 68702.99715714157
RESIDENTIAL 30977.907834529877
COMMERCIAL 8584.642767220736
COMMERCIAL 5448.6761117354035
COMMERCIAL 971.5841493830085
COMMERCIAL 971.4281315766275
COMMERCIAL 651.2701046839356
COMMERCIAL 2472.202484332025
COMMERCIAL 1565.1549283862114
COMMERCIAL 1076.0826613083482
INDUSTRIAL 237739.68062718213
COMMERCIAL 7190.234938845038
RESIDENTIAL 143601.61149144173
COMMERCIAL 13787.318918079138
COMMERCIAL 1299.1980338692665
RESIDENTIAL 21015.66547167301
COMMERCIAL 9005.690869063139
COMMERCIAL 1375.5114626735449
RESIDENTIAL 151532.44858402014
RESIDENTIAL 55029.756332695484
RESIDENTIAL 59298.76381197572
COMMERCIAL 2612.951653122902
COMMERCIAL 1622.3666963279247
COMMERCIAL 755.015893638134
COMMERCIAL 2268.9953416883945
RESIDENTIAL 111224.62942630053
COMMERCIAL 2835.021482080221
COMMERCIAL 1372.4004019200802
COMMERCIAL 1782.7243405282497
RESIDENTIAL 44358.768299758434
COMMERCIAL 1199.2994772791862
COMMERCIAL 4830.832502126694
COMMERCIAL 29612.867082744837
RESIDENTIAL 238065.00478196144
RESIDENTIAL 131962.3447521329
RESIDENTIAL 52108.406589830294
INDUSTRIAL 149229.6573576033
INDUSTRIAL 215938.37620389462
RESIDENTIAL 87812.21810629964
COMMERCIAL 1814.3580412268639
INDUSTRIAL 274537.01653304696
COMMERCIAL 8865.252505034208
INDUSTRIAL 3952323.1875049174
COMMERCIAL 4612.020712956786
INDUSTRIAL 64888.31338503957
COMMERCIAL 134661.47463691235
COMMERCIAL 238.31317262724042
RESIDENTIAL 16205.019872926176
COMMERCIAL 1569.2888197898865
COMMERCIAL 1986.3271825164557
COMMERCIAL 3222.9473177045584
COMMERCIAL 879.0735493600368
COMMERCIAL 65.28932520747185
COMMERCIAL 23576.350022137165
COMMERCIAL 504.5179487466812
COMMERCIAL 5193.347513638437
RESIDENTIAL 262889.5958182812
COMMERCIAL 1198.8421748876572
COMMERCIAL 1556.2803885042667
COMMERCIAL 1976.5569851659238
COMMERCIAL 542.7107971906662
INDUSTRIAL 35719.39855656773
COMMERCIAL 162936.671007514
INDUSTRIAL 3998.2163832485676
COMMERCIAL 251608.92363971472
COMMERCIAL 18748.322496443987
COMMERCIAL 242.75832879543304
COMMERCIAL 853.06347823143
COMMERCIAL 4618.6259651482105
COMMERCIAL 2974.0685456357896
RESIDENTIAL 1784578.900219271
COMMERCIAL 2447.503136664629
COMMERCIAL 2726.616667956114
COMMERCIAL 2964.071358591318
RESIDENTIAL 144726.1125293821
COMMERCIAL 840.7483574450016
COMMERCIAL 697.9648003876209
COMMERCIAL 1369.6503477543592
COMMERCIAL 1025.3323567137122
COMMERCIAL 654.2171619087458
COMMERCIAL 1294.436029985547
COMMERCIAL 698.1503521502018
RESIDENTIAL 190552.60648703575
COMMERCIAL 4521.085790723562
COMMERCIAL 1842.7579563856125
COMMERCIAL 10186.795593500137
COMMERCIAL 1217.45273950696
COMMERCIAL 5022.023658901453
COMMERCIAL 802.4690407961607
INDUSTRIAL 45806.68883705139
COMMERCIAL 3017.2939618229866
COMMERCIAL 245.8823403120041
INDUSTRIAL 127118.6494769305
RESIDENTIAL 241854.10835570097
INDUSTRIAL 364794.9527333528
COMMERCIAL 462.9515115618706
COMMERCIAL 1608.241850361228
COMMERCIAL 4279.407970070839
COMMERCIAL 1143.2321453392506
COMMERCIAL 2007.3026304543018
COMMERCIAL 8964.533807992935
COMMERCIAL 3127.0725477933884
COMMERCIAL 11269.126622527838
COMMERCIAL 617.0643258392811
COMMERCIAL 10894.221956029534
COMMERCIAL 416.11790096759796
COMMERCIAL 1918.1435778737068
COMMERCIAL 2273.428381934762
COMMERCIAL 525.8233951404691
COMMERCIAL 916.4477599486709
COMMERCIAL 9863.495667636395
COMMERCIAL 4591.626731812954
COMMERCIAL 1036.788074374199
COMMERCIAL 512.173485904932
RESIDENTIAL 327884.5743382573
COMMERCIAL 906.4874401092529
COMMERCIAL 10188.362366776913
COMMERCIAL 149.51122772693634
COMMERCIAL 1238.9439662396908
COMMERCIAL 2444.4750267118216
COMMERCIAL 3528.6707880795
COMMERCIAL 1525.2360230386257
COMMERCIAL 11245.17355081439
COMMERCIAL 114.4240937307477
RESIDENTIAL 239801.75310009718
RESIDENTIAL 100396.55773210526
COMMERCIAL 2649.654149264097
COMMERCIAL 432.03452903032303
COMMERCIAL 2566.398827135563
COMMERCIAL 1555.937971830368
RESIDENTIAL 3158.525281190872
RESIDENTIAL 1151025.1861338802
INDUSTRIAL 15894.368418313563
COMMERCIAL 885.6462683454156
COMMERCIAL 95.06694197654724
RESIDENTIAL 47010.53151553869
COMMERCIAL 67508.77370747924
COMMERCIAL 2891.343047231436
COMMERCIAL 1183.2290396988392
COMMERCIAL 23429.113744288683
COMMERCIAL 7058.273414604366
COMMERCIAL 8288.573839262128
COMMERCIAL 684.4608712792397
COMMERCIAL 1609.1227944493294
COMMERCIAL 446.84534257650375
COMMERCIAL 2744.4169215857983
COMMERCIAL 852.9358844012022
RESIDENTIAL 6208.860677026212
COMMERCIAL 437.11172991991043
COMMERCIAL 4885.8912753760815
INDUSTRIAL 778807.6302606799
COMMERCIAL 1787.8814516216516
RESIDENTIAL 1155714.8311899602
COMMERCIAL 2904.7362917661667
RESIDENTIAL 1147712.620081082
RESIDENTIAL 76879.68091227114
RESIDENTIAL 714114.6386166811
RESIDENTIAL 365620.5112325996
COMMERCIAL 379.8475683480501
COMMERCIAL 1030.2386430501938
COMMERCIAL 2480.462693274021
COMMERCIAL 6902.393915951252
COMMERCIAL 3427.526127576828
COMMERCIAL 4305.09017047286
COMMERCIAL 33586.27783150226
RESIDENTIAL 362543.342118755
COMMERCIAL 619.3868075013161
COMMERCIAL 4719.321086704731
RESIDENTIAL 120932.99594837427
COMMERCIAL 10021.71680252254
COMMERCIAL 5899.904515743256
COMMERCIAL 7616.494353532791
COMMERCIAL 1420.4029184058309
RESIDENTIAL 262753.14888460934
RESIDENTIAL 179837.7035152912
COMMERCIAL 73491.32351535559
COMMERCIAL 2300.0346044003963
COMMERCIAL 615.9240705668926
COMMERCIAL 4195.814368575811
RESIDENTIAL 563618.5339454263
COMMERCIAL 3558.1760745942593
COMMERCIAL 8849.07844683528
COMMERCIAL 2349.7425042390823
COMMERCIAL 8924.419815421104
RESIDENTIAL 150623.39644239843
COMMERCIAL 393.6558691561222
COMMERCIAL 524.5786829888821
RESIDENTIAL 226514.76462735236
COMMERCIAL 4175.518732607365
RESIDENTIAL 469265.9687743485
INDUSTRIAL 354832.18016913533
COMMERCIAL 4265.733641028404
INDUSTRIAL 45114.29711860418
RESIDENTIAL 192107.3722206019
COMMERCIAL 566.8353255987167
COMMERCIAL 3027.48774933815
RESIDENTIAL 338518.93584095687
COMMERCIAL 470.45282703638077
COMMERCIAL 4166.348288744688
COMMERCIAL 251.54486644268036
RESIDENTIAL 873.202370017767
RESIDENTIAL 7339.927259892225
COMMERCIAL 400.2960624694824
RESIDENTIAL 32573.068435423076
RESIDENTIAL 17560.57387626171
RESIDENTIAL 3027.2737472057343
INDUSTRIAL 31473.55672839284
COMMERCIAL 5749.887330561876
COMMERCIAL 10615.434136211872
COMMERCIAL 926.7696528285742
COMMERCIAL 292.5477380156517
COMMERCIAL 2175.5745956897736
RESIDENTIAL 159486.5123053193
COMMERCIAL 629.4434747099876
COMMERCIAL 635.8789100795984
COMMERCIAL 10403.169117301702
COMMERCIAL 400.08237870037556
COMMERCIAL 2120.279555387795
RESIDENTIAL 340610.2585503161
COMMERCIAL 3054.074763134122
COMMERCIAL 973.2818085104227
COMMERCIAL 4199.374063968658
COMMERCIAL 2083.0770521461964
COMMERCIAL 3854.6182052642107
COMMERCIAL 2646.271623030305
COMMERCIAL 1268.7666221261024
INDUSTRIAL 7569.716537743807
COMMERCIAL 2383.337200909853
COMMERCIAL 4333.947693526745
COMMERCIAL 3268.590834438801
RESIDENTIAL 184825.534582749
COMMERCIAL 46821.007921755314
COMMERCIAL 6806.926010906696
COMMERCIAL 3181.470604941249
COMMERCIAL 8812.28902298212
RESIDENTIAL 56879.658647850156
COMMERCIAL 1293.148317873478
COMMERCIAL 20689.458629578352
COMMERCIAL 2171.8096816837788
RESIDENTIAL 633198.670857966
RESIDENTIAL 1661810.6761482954
COMMERCIAL 971.9965683817863
COMMERCIAL 5812.796548068523
RESIDENTIAL 77213.26908052713
COMMERCIAL 1069.6831450499594
COMMERCIAL 2894.9241373836994
COMMERCIAL 991.5990699380636
COMMERCIAL 4519.928137928247
COMMERCIAL 17355.04333859682
COMMERCIAL 2206.7072390317917
COMMERCIAL 172129.96767386794
COMMERCIAL 2406.7193673551083
COMMERCIAL 578.9332824647427
COMMERCIAL 1454.3594791293144
COMMERCIAL 6597.639518886805
COMMERCIAL 1029.5062952637672
COMMERCIAL 906.0309025645256
COMMERCIAL 3002.901010274887
COMMERCIAL 1897.0076025426388
COMMERCIAL 16579.208441376686
RESIDENTIAL 205145.9557209611
RESIDENTIAL 85102.14709697664
COMMERCIAL 3148.5645484626293
COMMERCIAL 28128.56331911683
INDUSTRIAL 83397.2730346024
RESIDENTIAL 24205.2272413671
RESIDENTIAL 38204.219423383474
RESIDENTIAL 1103.1459622830153
COMMERCIAL 740.3960536420345
COMMERCIAL 127.15278732776642
COMMERCIAL 3791.451637506485
COMMERCIAL 171.19136006385088
COMMERCIAL 78407.53088213503
COMMERCIAL 907.4033801406622
COMMERCIAL 900.0289752483368
COMMERCIAL 1756.2555190324783
COMMERCIAL 699.3327348679304
COMMERCIAL 4373.22110158205
INDUSTRIAL 314385.7337152809
RESIDENTIAL 701334.977952987
RESIDENTIAL 79110.66690909117
COMMERCIAL 2059.9534945189953
RESIDENTIAL 270806.0023860745
RESIDENTIAL 175614.30512510985
INDUSTRIAL 27255.374450042844
COMMERCIAL 25089.04539272189
RESIDENTIAL 19189.676924347878
COMMERCIAL 5697.064266815782
COMMERCIAL 3360.251571789384
COMMERCIAL 4287.854158163071
COMMERCIAL 378.7221659719944
RESIDENTIAL 18016.459661394358
COMMERCIAL 8477.479061335325
RESIDENTIAL 419652.4496229589
COMMERCIAL 354.56970839202404
COMMERCIAL 51392.13245904446
COMMERCIAL 2044.1178389787674
RESIDENTIAL 32413.993750795722
COMMERCIAL 10346.765186190605
COMMERCIAL 5428.578038543463
INDUSTRIAL 20622.223526731133
COMMERCIAL 4625.855569399893
COMMERCIAL 390146.48052393645
RESIDENTIAL 1245878.7311237752
COMMERCIAL 9351.937350571156
COMMERCIAL 1128.442189246416
COMMERCIAL 1626.4290938228369
COMMERCIAL 1720.0432406663895
COMMERCIAL 3484.669616803527
RESIDENTIAL 17635.839094519615
COMMERCIAL 341.1066866219044
RESIDENTIAL 168515.42521063238
COMMERCIAL 9456.916888147593
COMMERCIAL 6168.969894975424
COMMERCIAL 6601.717626988888
COMMERCIAL 1443.0415208339691
RESIDENTIAL 33690.593183875084
COMMERCIAL 824.8533523380756
INDUSTRIAL 162392.6924493909
COMMERCIAL 1107.3933251947165
COMMERCIAL 1319.0105609744787
COMMERCIAL 1727.169566065073
RESIDENTIAL 7226.481174945831
COMMERCIAL 3930.6440265774727
COMMERCIAL 1644.5516754612327
COMMERCIAL 3722.893432304263
COMMERCIAL 27209.285291045904
COMMERCIAL 4357.788595572114
COMMERCIAL 1085.336346745491
RESIDENTIAL 216813.454684861
COMMERCIAL 525.2218209505081
RESIDENTIAL 426062.0198299289
COMMERCIAL 645.853184491396
RESIDENTIAL 10026.972113728523
COMMERCIAL 597.7329287678003
COMMERCIAL 4194.488272190094
RESIDENTIAL 28513.594980455935
RESIDENTIAL 10485.659487828612
COMMERCIAL 17606.398182213306
RESIDENTIAL 7242.994944751263
COMMERCIAL 12772.334284245968
COMMERCIAL 98.07365262508392
COMMERCIAL 5514.677775412798
RESIDENTIAL 87006.1504971981
COMMERCIAL 1788.9309750497341
RESIDENTIAL 574362.1352330856
RESIDENTIAL 25425.397720873356
RESIDENTIAL 13629.38742992282
COMMERCIAL 433.29522597789764
COMMERCIAL 44592.072493612766
COMMERCIAL 810.6514419317245
COMMERCIAL 3110.5997364595532
RESIDENTIAL 2624.9802459403872
COMMERCIAL 4274.734334468842
RESIDENTIAL 265803.43715938926
COMMERCIAL 837.6532796025276
RESIDENTIAL 1639.6037581786513
RESIDENTIAL 28117.871983498335
COMMERCIAL 137.7648735307157
COMMERCIAL 2072.782042324543
COMMERCIAL 1662.4162602424622
COMMERCIAL 1213.9023702144623
COMMERCIAL 10045.213562652469
COMMERCIAL 274.34433230757713
COMMERCIAL 3690.0609373748302
COMMERCIAL 307.6627459526062
COMMERCIAL 34.23604100942612
COMMERCIAL 617.7251725494862
COMMERCIAL 187729.82188796252
COMMERCIAL 766.6117869615555
COMMERCIAL 925.7188637852669
COMMERCIAL 18000.247468471527
RESIDENTIAL 74075.21298754215
COMMERCIAL 5176.566743034869
COMMERCIAL 403.0042323768139
COMMERCIAL 208.2067264020443
RESIDENTIAL 36541.62691871077
COMMERCIAL 1368.5873042792082
COMMERCIAL 261.3208374977112
COMMERCIAL 206.95538291335106
COMMERCIAL 19067.7125287354
COMMERCIAL 288.1403022110462
RESIDENTIAL 519617.859777689
COMMERCIAL 18350.40910896659
COMMERCIAL 6938.105907768011
RESIDENTIAL 185908.21416789293
COMMERCIAL 2089.415817439556
RESIDENTIAL 163860.52819529176
RESIDENTIAL 213548.79588625208
COMMERCIAL 2788.683635920286
RESIDENTIAL 2206071.9949257877
COMMERCIAL 1524.2526342272758
COMMERCIAL 366.8987927734852
RESIDENTIAL 33311.93171060085
COMMERCIAL 6610.8329974114895
COMMERCIAL 7140.223846405745
COMMERCIAL 8679.442119330168
COMMERCIAL 6648.070569038391
COMMERCIAL 11613.505247831345
RESIDENTIAL 19195.47917404771
COMMERCIAL 2083.3974762558937
COMMERCIAL 1485.5490980744362
COMMERCIAL 166443.72314572334
COMMERCIAL 676.7930846847594
RESIDENTIAL 8260.099810361862
RESIDENTIAL 175061.67986524105
COMMERCIAL 336.81224447488785
INDUSTRIAL 121420.38959872723
COMMERCIAL 755.3107642531395
COMMERCIAL 1936.3737639784813
COMMERCIAL 2009.6597898602486
RESIDENTIAL 796908.1802726015
COMMERCIAL 747.5901127308607
COMMERCIAL 1656.6487845033407
COMMERCIAL 2214.4498088657856
COMMERCIAL 2206.2284679822624
COMMERCIAL 255060.53600860387
COMMERCIAL 155.8979412317276
RESIDENTIAL 198651.33200383186
COMMERCIAL 48704.75286579132
COMMERCIAL 21.118024468421936
COMMERCIAL 10200.209363639355
COMMERCIAL 2538.2825895547867
COMMERCIAL 918.9581341594458
COMMERCIAL 1325.8123352527618
RESIDENTIAL 49855.6368971169
COMMERCIAL 11764.688125371933
COMMERCIAL 18740.117426663637
COMMERCIAL 350.7780732512474
COMMERCIAL 18140.235588133335
RESIDENTIAL 706270.2119902223
COMMERCIAL 1772.6274845898151
COMMERCIAL 724.9662538766861
INDUSTRIAL 235494.56063807756
RESIDENTIAL 543809.3485050052
RESIDENTIAL 27546.29691594094
RESIDENTIAL 59077.8029628396
COMMERCIAL 698327.1873656698
COMMERCIAL 936.2627220153809
COMMERCIAL 15593.559954673052
COMMERCIAL 4327.131667479873
COMMERCIAL 505.8502005934715
COMMERCIAL 1636.4597432911396
COMMERCIAL 24680.65882614255
COMMERCIAL 21302.378260061145
COMMERCIAL 1680.3993278592825
RESIDENTIAL 213188.19781816006
COMMERCIAL 455.778196811676
COMMERCIAL 16131.554226696491
COMMERCIAL 12913.824959754944
COMMERCIAL 3839.412000000477
COMMERCIAL 107164.65693940222
RESIDENTIAL 70797.88013494015
RESIDENTIAL 119303.41964104772
RESIDENTIAL 3874.2175098210573
RESIDENTIAL 254101.813875705
COMMERCIAL 1171.4911956191063
COMMERCIAL 2762.599462926388
RESIDENTIAL 17012.141924858093
RESIDENTIAL 444109.2266167924
INDUSTRIAL 165911.35452476144
COMMERCIAL 1089.1175080016255
RESIDENTIAL 3293742.5637288364
COMMERCIAL 52854.78042703867
COMMERCIAL 433.8191863000393
RESIDENTIAL 4932.00338370353
COMMERCIAL 893.9020189344883
RESIDENTIAL 10950.898516975343
COMMERCIAL 997.7947656661272
COMMERCIAL 1413.6179673969746
COMMERCIAL 23807.747969597578
RESIDENTIAL 20133.66532486677
COMMERCIAL 6171.242296516895
COMMERCIAL 2736.043458491564
COMMERCIAL 705.2108687832952
RESIDENTIAL 1262839.6078402102
RESIDENTIAL 642292.8397642821
COMMERCIAL 548.3556566536427
COMMERCIAL 3859.173754930496
COMMERCIAL 20149.409152448177
COMMERCIAL 2360.8643312454224
COMMERCIAL 4475.300970286131
COMMERCIAL 1328.9651301056147
COMMERCIAL 438.554892770946
COMMERCIAL 521.5531977415085
COMMERCIAL 631.9545439183712
COMMERCIAL 2058.1235564909875
RESIDENTIAL 54438.674686044455
COMMERCIAL 23842.81663876772
COMMERCIAL 2797.086882904172
COMMERCIAL 695979.2871212363
COMMERCIAL 1228.0337664708495
COMMERCIAL 1547.9917348325253
RESIDENTIAL 150193.769708246
RESIDENTIAL 419118.0837970674
COMMERCIAL 16730.956644564867
COMMERCIAL 25644.815648540854
COMMERCIAL 12665.043182231486
RESIDENTIAL 196504.8531243205
COMMERCIAL 156.24900272488594
RESIDENTIAL 333245.9108438492
COMMERCIAL 154.52152690291405
RESIDENTIAL 147591.9745938182
INDUSTRIAL 516095.1668164842
RESIDENTIAL 822207.2044648528
RESIDENTIAL 218778.67240321636
RESIDENTIAL 692763.8077393472
RESIDENTIAL 352971.32097005844
COMMERCIAL 6299.861894518137
COMMERCIAL 565.750306352973
COMMERCIAL 102327.57212820649
COMMERCIAL 6494.173672139645
COMMERCIAL 1798.4338345229626
COMMERCIAL 330.10174733400345
COMMERCIAL 199.32416054606438
COMMERCIAL 268.77300852537155
RESIDENTIAL 10809.405591130257
RESIDENTIAL 9937.725132346153
COMMERCIAL 267.58980163931847
COMMERCIAL 2295.5781053453684
COMMERCIAL 189.95212823152542
COMMERCIAL 1031.065917223692
COMMERCIAL 106.7913890182972
COMMERCIAL 694.0028676986694
COMMERCIAL 1966.9137601554394
COMMERCIAL 3400.6869581639767
COMMERCIAL 852.1128489971161
COMMERCIAL 112078.11798629165
RESIDENTIAL 16427.487020492554
RESIDENTIAL 1890.1351266503334
COMMERCIAL 347.93041133880615
COMMERCIAL 3627.834142230451
COMMERCIAL 2916.8453698158264
COMMERCIAL 2348.9374894201756
COMMERCIAL 7177.080702934414
INDUSTRIAL 167531.1656175591
RESIDENTIAL 211801.10327236354
COMMERCIAL 2248.187725484371
COMMERCIAL 413.25393034517765
RESIDENTIAL 227397.6552899778
RESIDENTIAL 520397.1682420969
COMMERCIAL 143.78430026769638
COMMERCIAL 1077.6527410000563
RESIDENTIAL 120085.99639385939
COMMERCIAL 77.75198709964752
RESIDENTIAL 1787.1186875477433
COMMERCIAL 5888.96044767648
COMMERCIAL 3694.5591209232807
COMMERCIAL 937.6027854681015
COMMERCIAL 223.056664198637
COMMERCIAL 7119.489370018244
COMMERCIAL 500.5481903553009
COMMERCIAL 19881.047567546368
COMMERCIAL 4260.685652017593
COMMERCIAL 742.5519826710224
COMMERCIAL 1026.830539636314
COMMERCIAL 3564.947816878557
INDUSTRIAL 84882.74422352016
COMMERCIAL 705.411085754633
COMMERCIAL 4548.5583345890045
COMMERCIAL 4411.327193692327
COMMERCIAL 11473.711517006159
RESIDENTIAL 68189.67056901753
COMMERCIAL 17351.99339723587
COMMERCIAL 2316.425708770752
INDUSTRIAL 87170.44791975617
RESIDENTIAL 993571.7746270895
COMMERCIAL 2477.6649744212627
COMMERCIAL 3882.4820483624935
RESIDENTIAL 353188.3330851793
COMMERCIAL 1709.8463466465473
RESIDENTIAL 166472.31964305043
RESIDENTIAL 13137.628938168287
RESIDENTIAL 55851.811237961054
COMMERCIAL 1961.0727971941233
COMMERCIAL 1126.169837653637
RESIDENTIAL 1057564.7589471936
COMMERCIAL 1385.0005538910627
COMMERCIAL 4739.327654458582
COMMERCIAL 88320.95311508328
COMMERCIAL 389.6616608798504
COMMERCIAL 9563.297577500343
COMMERCIAL 1566.7470755577087
COMMERCIAL 2466.061976015568
COMMERCIAL 2339.124357134104
COMMERCIAL 5368.497010841966
COMMERCIAL 2167.4768016040325
COMMERCIAL 7997.446974113584
RESIDENTIAL 11871.60550570488
RESIDENTIAL 932.7288053631783
COMMERCIAL 2953.4691937863827
RESIDENTIAL 106734.34114563465
RESIDENTIAL 160489.21196314692
COMMERCIAL 556.1333785057068
COMMERCIAL 732.9867624044418
RESIDENTIAL 76462.20999759436
COMMERCIAL 2132.051443487406
COMMERCIAL 451.13242830336094
RESIDENTIAL 299338.2253804095
COMMERCIAL 528.629042506218
COMMERCIAL 4065.138096883893
COMMERCIAL 221.16929386556149
RESIDENTIAL 22935.459734141827
COMMERCIAL 4818.98115336895
COMMERCIAL 105.29044663906097
COMMERCIAL 105.73375707864761
COMMERCIAL 153853.1040121019
RESIDENTIAL 295551.47087441385
COMMERCIAL 237.539266243577
COMMERCIAL 2161.6963703092188
RESIDENTIAL 19543.849303871393
INDUSTRIAL 341481.0757187009
COMMERCIAL 4043.1227239370346
RESIDENTIAL 2873.806553184986
COMMERCIAL 106.66123208403587
COMMERCIAL 27704.90098483488
COMMERCIAL 1611.749801158905
COMMERCIAL 3728.3017748445272
COMMERCIAL 2337.160163357854
COMMERCIAL 6823.015216141939
RESIDENTIAL 667478.5004847795
RESIDENTIAL 499790.3052365184
RESIDENTIAL 438583.179824993
COMMERCIAL 2208.4113460183144
RESIDENTIAL 317970.54664981365
COMMERCIAL 9253.46976712346
COMMERCIAL 314.7380668222904
RESIDENTIAL 2368.8720501065254
COMMERCIAL 119.35938742756844
COMMERCIAL 212.91075253486633
COMMERCIAL 2261.8639846220613
RESIDENTIAL 12915.545960530639
COMMERCIAL 6033.764989733696
COMMERCIAL 16203.842107713223
COMMERCIAL 1663.2891756035388
COMMERCIAL 16777.752501040697
COMMERCIAL 5659.072719365358
COMMERCIAL 1215.6700011789799
RESIDENTIAL 963252.8546307385
INDUSTRIAL 25037.64843147993
COMMERCIAL 761.650852739811
COMMERCIAL 16697.34960758686
RESIDENTIAL 3226.804473146796
COMMERCIAL 2719.2503906935453
COMMERCIAL 3645.826666995883
COMMERCIAL 3774.7262864410877
RESIDENTIAL 240167.2986374162
COMMERCIAL 11547.185431569815
COMMERCIAL 288.59554091095924
COMMERCIAL 1497.3360181450844
COMMERCIAL 2178.486747957766
COMMERCIAL 3979.05927041173
COMMERCIAL 8883.95178925991
COMMERCIAL 5740.515682889149
INDUSTRIAL 41065.324788071215
INDUSTRIAL 24829.401219449937
COMMERCIAL 446.3348033428192
RESIDENTIAL 149280.80710799992
RESIDENTIAL 205540.53643970191
COMMERCIAL 647.786356061697
COMMERCIAL 1544.3283359408379
COMMERCIAL 1342.819552898407
RESIDENTIAL 344201.4481804818
RESIDENTIAL 17446.2026617527
RESIDENTIAL 644477.3660734892
COMMERCIAL 171390.62877836823
COMMERCIAL 986.6783742010593
COMMERCIAL 5130.021986186504
COMMERCIAL 3516.4004400372505
COMMERCIAL 28340.829218804836
COMMERCIAL 700.2900431156158
RESIDENTIAL 159547.71837465465
RESIDENTIAL 29384.424277573824
COMMERCIAL 190153.19831109047
COMMERCIAL 2202.7011374011636
COMMERCIAL 191.6342971920967
COMMERCIAL 251.98748525977135
COMMERCIAL 993.0962481200695
COMMERCIAL 905.5507746636868
COMMERCIAL 1107.3942661881447
COMMERCIAL 2925.1777077168226
COMMERCIAL 11560.177596747875
COMMERCIAL 127.41780871152878
COMMERCIAL 1994.4035829007626
COMMERCIAL 24951.751805007458
RESIDENTIAL 292353.2227189988
RESIDENTIAL 1148388.2845452353
INDUSTRIAL 35713.87986432016
COMMERCIAL 1216.5026680156589
COMMERCIAL 6931.894344203174
COMMERCIAL 3829.7759552001953
COMMERCIAL 742.0945842526853
COMMERCIAL 9933.534164994955
COMMERCIAL 2739.679010808468
RESIDENTIAL 41404.37827132642
COMMERCIAL 4257.01090028882
COMMERCIAL 2589.940748780966
INDUSTRIAL 44245.46132260561
RESIDENTIAL 45609.395193338394
RESIDENTIAL 133710.36034840345
COMMERCIAL 3938.75086119771
COMMERCIAL 872.1291419863701
COMMERCIAL 814.1223554611206
COMMERCIAL 361.2358765602112
COMMERCIAL 9873.930345483124
COMMERCIAL 2910.832802258432
COMMERCIAL 331.07337461411953
COMMERCIAL 319.9942710660398
COMMERCIAL 8663.327414542437
RESIDENTIAL 201994.79389882088
RESIDENTIAL 10738.943797796965
INDUSTRIAL 88025.32360552438
COMMERCIAL 1024.7047870010138
COMMERCIAL 129.61943335831165
COMMERCIAL 8537.856210835278
COMMERCIAL 3942.7593885064125
RESIDENTIAL 339915.2859016657
COMMERCIAL 108398.1380059123
RESIDENTIAL 31837.76250129938
COMMERCIAL 2388.3120630681515
COMMERCIAL 7166.528027355671
RESIDENTIAL 164714.2373074293
COMMERCIAL 10647.455620706081
