0.00292569
0.00221119
0.00063235
0.00203921
0.00502797
0.00005896
0.00000582
0.00010696
0.00203269
0.01412510
0.00725825
0.00029769
0.00614067
0.00888568
0.01129696
0.00494895
0.00267010
0.00004473
0.00016452
0.00188491
0.00523082
0.00045678
0.00001990
0.00097519
0.01460103
0.00005649
0.00129511
0.00000948
0.00343173
0.01293670
0.00112153
0.00084859
0.00668232
0.00499634
0.00029488
0.00020775
0.00064624
0.00020978
0.00349285
0.00358699
0.01405165
0.00003135
0.00005142
0.00003109
0.00004472
0.00182066
0.00011022
