0.00007542
0.00000104
0.00002659
0.00000153
0.00000146
0.00000871
0.00006533
0.00000104
0.00000168
0.00000299
0.00001869
0.00000169
0.00007502
0.00000096
0.00017992
0.00293518
0.00010435
0.00002453
0.00000070
0.00000668
0.00003216
0.00009274
0.00000573
0.00001807
0.00001358
0.00003549
0.00002733
0.00002296
0.00000568
0.00000152
0.00005049
0.00000023
0.00004629
0.00003065
0.00002574
0.00006111
0.00002201
0.00000763
0.00001261
0.00003814
0.00003612
0.00001215
0.00018681
0.00002422
0.00008628
0.00007961
0.00001912
0.00004045
0.00001574
0.00007046
0.00000638
0.00000762
0.00002420
0.00001274
0.00000253
0.00000751
0.00003721
0.00001826
0.00004967
0.00001578
0.00000086
0.00000191
0.00000597
0.00002855
0.00015775
0.00002991
0.00015503
0.00000097
0.00227102
0.00007871
0.00001471
0.00002343
0.00001139
0.00005784
0.00002472
0.00007787
0.00006262
0.00000756
0.00001808
0.00013240
0.00009060
0.00003196
0.00000305
0.00001384
0.00000532
0.00003576
0.00004617
0.00003397
0.00002909
0.00000934
0.00136042
0.00000766
0.00002208
0.00000893
0.00004489
0.00000373
0.00012126
0.00004938
0.00001259
0.00000292
0.00000545
0.00040668
0.00000508
0.00007577
0.00002466
0.00005329
0.00001055
0.00003353
0.00000772
0.00017189
0.00001398
0.00000760
0.00001543
0.00000332
0.00003197
0.00001474
0.00002893
0.00008859
0.00000302
0.00112341
0.00007145
0.00000445
0.00015486
0.00000124
0.00001472
0.00002450
0.00000780
0.00000352
0.00001630
0.00000239
0.00001720
0.00000625
0.00000673
0.00001262
0.00000503
0.00002702
0.00001498
0.00000591
0.00000997
0.00000184
0.00002984
0.00020255
0.00001643
0.00002163
0.00002745
0.00003721
0.00002722
0.00001139
0.00000036
0.00013064
0.00000534
0.00000070
0.00013117
0.00013027
0.00000873
0.00008105
0.00004150
0.00004115
0.00001373
0.00002982
0.00002041
0.00006397
0.00001710
0.00002571
0.00213490
0.00002180
0.00003842
0.00000397
0.00003339
0.00000370
0.00007989
0.00001377
0.00001810
0.00003866
0.00002098
0.00000646
0.00007187
0.00018862
0.00000876
0.00002328
0.00000966
0.00000275
0.00000434
0.00000013
0.00007960
0.00000898
0.00003074
0.00001993
0.00000218
0.00000204
0.00004763
0.00000368
0.00566805
0.00000200
0.00001913
0.00000382
0.00000082
0.00002461
0.00004836
0.00000114
0.00000324
0.00000119
0.00000082
0.00000988
0.00006519
0.00011567
0.00006201
0.00000030
0.00003017
0.00000019
0.00000319
0.00000841
0.00000415
0.00005898
0.00002110
0.00001860
0.00002424
0.00025039
0.00000378
0.00000218
0.00003758
0.00001987
0.00009045
0.00002255
0.00022682
0.00321314
0.00247403
0.00000313
0.00000671
0.00096989
0.00000804
0.00001354
0.00000044
0.00002884
0.00000193
0.00005041
0.00037384
0.00000056
0.00000124
0.00009160
0.00014333
0.00007290
0.00024767
0.00068330
0.00004757
0.00002230
0.00003782
0.00001675
0.00009332
0.00002483
0.00315169
0.00004006
0.00004918
0.00000113
0.00000186
0.00000021
0.00096358
0.00103453
0.00005906
0.00001363
0.00000020
0.00000774
0.00011277
0.00004009
0.00001889
0.00000149
0.00000634
0.00012003
0.00000135
0.00000011
0.00001211
0.00001822
0.00000868
0.00003397
0.00000260
0.00003355
0.00008891
0.00000033
0.00303665
0.00227377
0.00199531
0.00003609
0.00000027
0.00000147
0.00438226
0.00000037
0.00002726
0.00001694
0.00002333
0.00003907
0.00000198
0.00007315
0.00001811
0.00000334
0.00003318
0.00013034
0.00000470
0.00000518
0.00001518
0.00002293
0.00000122
0.00003858
0.00000361
0.00001870
