0.00001891
0.00000135
0.00190593
0.00238064
0.00169512
0.00056858
0.00229981
0.00162150
0.00020463
0.00000152
0.00000622
0.00000801
0.00012789
0.00001763
0.00033198
0.00018556
0.00007231
0.00013624
0.00018697
0.00013591
0.00010474
0.00017794
0.00000338
0.00002299
0.00001326
0.00002401
0.00004284
0.00001822
0.00023144
0.00001251
0.00000402
0.00014610
0.00014425
0.00013848
0.00281772
0.00002607
0.00014192
0.01089815
0.00002484
0.00185497
0.00741787
0.00070229
0.00000128
0.00024856
0.00001395
0.00682768
0.01286849
0.00602840
0.00114288
0.00001971
0.00000422
0.00000468
0.00000824
0.00002812
0.00000747
0.00025333
0.00001884
0.00001805
0.00001136
0.00001194
0.00001424
0.00040012
0.00001313
0.00000154
0.00250612
0.00030898
0.00052821
0.00000336
0.00015390
0.00000842
0.00002367
0.00152818
0.00001739
0.00000455
0.02354566
0.00227296
0.00001083
0.00003694
0.00003343
0.00000486
0.00000851
0.00152085
0.00000600
0.00000352
0.00003696
0.00127952
0.00001272
0.00004507
0.00006390
0.00003879
0.00004246
0.00004671
0.00000141
0.00000202
0.00000843
0.00002589
0.00157597
0.00003899
0.00000361
0.00087656
0.00580028
0.00001794
0.00000360
0.00002080
0.00000515
0.00007310
0.00032310
0.00004641
0.00000525
0.01059655
0.00000215
0.00050261
0.00000060
0.00000437
0.00000065
0.00002149
0.00000130
0.01532742
0.00005264
0.00000193
0.00009627
0.00178687
0.00675640
0.00054401
0.00000168
0.00002028
0.00001118
0.00001196
0.00000096
0.00014731
0.00001289
0.00001538
0.00000606
0.00000240
0.00000215
0.00000301
0.00000226
0.00000469
0.00000208
0.00000114
0.00000249
0.00017604
0.00000048
0.00000921
0.00001582
0.00020826
0.00002236
0.00596331
0.00000298
0.00000737
0.00000747
0.00000127
0.00053284
0.00699498
0.00002225
0.00000664
0.00099946
0.00000200
0.00000137
0.00000165
0.00113617
0.00085549
0.00554608
0.00000194
0.00001397
0.00560447
0.00001853
0.00007553
0.00089729
0.00039205
0.00060864
0.00001794
0.00003068
0.00423661
0.00021225
0.00402646
0.00520107
0.00111419
0.00102434
0.00699985
0.00000962
0.00278500
0.00000313
0.00000856
0.00228650
0.00679798
0.00002943
0.00055978
0.00033993
0.00100445
0.00001002
0.00001662
0.00000164
0.00003064
0.00000125
0.00002067
0.00000218
0.00488999
0.00003034
0.00000520
0.00000427
0.00004669
0.00002352
0.00001517
0.00000614
0.00000440
0.00130417
0.00000428
0.00024044
0.00062153
0.00018487
0.00000952
0.01165824
0.00043125
0.00001220
0.00001498
0.00000269
0.00000687
0.00000095
0.00000273
0.00975108
0.00002915
0.00000062
0.00000225
0.00000482
0.00000267
0.00000574
0.00015177
0.00011252
0.00065507
0.00000319
0.00000229
0.00000728
0.00028908
0.00005147
0.00034307
0.00030086
0.00000297
0.00033813
0.00002454
0.00072220
0.00001527
0.00000733
0.00000209
0.00084940
0.00004528
0.00056780
0.00000982
0.00000891
0.00000277
0.00001042
0.00027118
0.00023249
0.00005433
0.00000749
0.00000404
0.00013916
0.00033522
0.00000142
0.00001459
0.00001053
0.00003011
0.00000911
0.00003192
0.00002026
0.00000361
0.00000361
0.00000242
0.00000919
0.00000582
0.00000400
0.00002674
0.00481435
0.00000483
0.00314467
0.00000511
0.00000972
0.00056651
0.00000281
0.00000844
0.00001054
0.00000510
0.00062250
0.00041878
0.00001796
0.00011011
0.00063355
0.00003296
0.00001715
0.00050072
0.00000089
0.00000584
0.00000739
0.00001198
0.00030696
0.00002280
0.00008766
0.00000188
0.00001931
0.00000446
0.00000579
0.00000735
0.00018951
0.00060585
0.00093556
0.00006971
0.00008477
0.00029788
0.00161276
0.00001106
0.00085464
0.00095210
0.00103501
0.00029358
0.00000260
0.00000509
0.00000381
0.00000243
0.00000481
0.00024378
0.00157870
0.00000685
0.00355709
0.00042512
0.00175362
0.00000298
0.00056683
0.00000091
0.00016166
0.00000598
0.00001591
0.00039920
0.00070092
0.00313030
0.00001163
0.00004190
0.00000229
0.00004051
0.00014530
0.00163468
0.00000845
0.00000196
0.00000341
0.00003668
0.00001707
0.00000386
0.00000190
0.00000337
0.00003788
0.00005221
0.00043262
0.00000909
0.00123217
0.00053259
0.00004181
0.00000043
0.00000985
0.00000161
0.00000954
0.00000579
0.00000329
0.00000035
0.01268230
0.00001075
0.00100837
0.00008712
0.00002624
0.00155710
0.00000255
0.00000598
0.00000166
0.00233885
0.00000317
0.00000163
0.00001817
0.00062430
0.00001080
0.00000141
0.00087799
0.00086614
0.00241022
0.00119685
0.00150328
0.00012488
0.00000230
0.00001755
0.00003726
0.00206017
0.00002832
0.00000528
0.00027326
0.00080314
0.00021507
0.00146512
0.00124247
0.00308998
0.00200250
0.00311629
0.00000146
0.00000195
0.00145804
0.00001586
0.00000211
0.00001126
0.00000175
0.00001549
0.00000094
0.00000149
0.00002138
0.00003947
0.00000345
0.00000109
0.00000809
0.00000234
0.00000236
0.00363265
0.00000149
0.00000788
0.00001136
0.00000362
0.00001561
0.00000775
0.00001433
0.00000984
0.00000472
0.00000886
0.00001612
0.00001215
0.00017410
0.00002531
0.00001183
0.00003277
0.00000481
0.00007693
0.00075837
0.00000361
0.00495379
0.00000398
0.00101087
0.00000369
0.00001681
0.00006453
0.00000821
0.00064004
0.00000895
0.00000215
0.00000541
0.00562265
0.00035949
0.00000337
0.00001117
0.00000705
0.00311459
0.00001171
0.02397175
0.00025854
0.00004440
0.00323115
0.00000064
0.00029154
0.00000337
0.00000335
0.00000653
0.00000260
0.00001626
0.00000766
0.00009329
0.00002118
0.00001249
0.00149726
0.00000141
0.00722469
0.00000132
0.00019109
0.00174204
0.00003847
0.00002019
0.00001720
0.00145069
0.00326557
0.00000420
0.00000605
0.00146586
0.00001296
0.00029070
0.00330223
0.00002294
0.00002455
0.00000537
0.00028803
0.00000412
0.00000490
0.00060310
0.00334978
0.00000611
0.00001384
0.02318832
0.00152168
0.00037899
0.00000195
0.00000240
0.00000222
0.00001560
0.01500454
0.01088485
0.00000036
0.00002051
0.00062467
0.00000161
0.00016581
0.00000301
0.00001157
0.00001589
0.00029250
0.00000051
0.00000771
0.00000618
0.00042388
0.00003735
0.00000102
0.00001372
0.00000114
0.00001195
0.00000230
0.00069804
0.00026769
0.00032325
0.00628545
0.00001925
0.00014072
0.00000077
0.00000509
0.00000097
0.00000077
0.01624991
0.00000107
0.01563860
0.00002580
0.00000777
0.00001037
0.00053225
0.00012812
0.00002458
0.00002655
0.00303075
0.00002472
0.00989727
0.00000775
0.00000552
0.00061889
0.00000252
0.00000125
0.00000281
0.00000720
0.00000747
0.00000278
0.00000616
0.00000823
0.00000820
0.00094840
0.00005444
0.00018110
0.00000737
0.00003793
0.00088633
0.00000342
0.00000493
0.00004374
0.00006968
0.00012249
0.00006745
0.00000659
0.00000270
0.00259661
0.00000348
0.00544507
0.00001609
0.00017664
0.00000608
0.00861816
0.00007921
0.00000625
0.00000169
0.00563293
0.01100543
0.00001428
0.00039847
0.00099837
0.00001027
0.00000405
0.00992938
0.00000161
0.00000332
0.00000371
0.00000526
0.00831335
0.00002295
0.00001017
0.00000262
0.00000204
0.00134757
0.00007492
0.00082438
0.00001664
0.00000494
0.00000163
0.00000194
0.00022067
0.00000765
0.00008866
0.00052546
0.00258788
0.00000457
0.00000576
0.01425847
0.00895483
0.00004709
0.00005456
0.00013169
0.00002342
0.00000210
0.00038049
0.00002415
0.00000669
0.00000123
0.00000074
0.00009385
0.00009344
0.00000854
0.00000071
0.00000383
0.00003729
0.00024234
0.00000731
0.00289814
0.00000317
0.00041674
0.00000129
0.00001349
0.00001085
0.00082022
0.00002669
0.00042235
0.00007763
0.00005021
0.00000401
0.00002715
0.00002190
0.00314858
0.00032740
0.00007789
0.00133748
0.00000186
0.01694305
0.00001584
0.00025929
0.00000382
0.00001326
0.00000262
0.00001691
0.00001640
0.00400647
0.00006452
0.00080887
0.00000921
0.00001444
0.00059706
0.00000729
0.00000419
0.00000515
0.00001762
0.00032841
0.00000145
0.00333938
0.00000583
0.00000917
0.00000870
0.00001996
0.00000806
0.00002974
0.00251701
0.00019419
0.00000273
0.00000793
0.00000168
0.00000197
0.00001512
0.00000082
0.00090530
0.00003677
0.00003692
0.00057208
0.00000088
0.00000804
0.00001503
0.00003724
0.00010302
0.00000599
0.00001386
0.00000869
0.00002537
0.00000821
0.00003441
0.00000117
0.00000044
0.00000079
0.00000841
0.00002244
0.00006025
0.00000618
0.00006239
0.00002104
0.00000452
0.00000283
0.00006209
0.00001011
0.00068491
0.00001404
0.00004294
0.00010077
0.00000557
0.00000810
0.00001480
0.00003303
0.00002135
0.00000166
0.00000241
0.00053926
0.00046889
0.00063729
0.00000367
0.00179134
0.00122788
0.00010538
0.00000260
0.03572246
0.00000819
0.00006692
0.00008799
0.00084634
0.00031621
0.00038669
0.00001088
0.00217171
0.00004449
0.00000742
0.02126441
0.00000452
0.00002578
0.00001424
0.00000276
0.00846557
0.00001019
0.00001583
0.00090437
0.00137536
0.00030454
0.00028428
0.00012614
0.00003671
0.00001082
0.00000123
0.00000119
0.00003221
0.00000381
0.00000048
0.00003175
0.00001466
0.09237917
0.00000888
0.00002665
0.00003959
